SUCCESS - 8/22/2012 8:41:09 AM Method: CheckLoginCredentials. System.Security.Principal.WindowsPrincipal successfully authenticated: 8/22/2012 8:41:09 AM
SUCCESS - 8/22/2012 8:41:27 AM Method: CreateContentPageMeta. C:\Users\Gil\Documents\Visual Studio 2010\Projects\STFMPlatformTransition\STFMPlatformTransition\Content\AboutUs.aspx successfully created: 8/22/2012 8:41:27 AM
SUCCESS - 8/22/2012 8:41:27 AM Method: CreateContentPage. AboutUs.aspx successfully created: 8/22/2012 8:41:27 AM
SUCCESS - 8/22/2012 8:41:27 AM Method: FillContentObject. System.Security.Principal.WindowsPrincipal successfully completed: 8/22/2012 8:41:27 AM
SUCCESS - 8/22/2012 8:41:31 AM Method: PublishPage. AboutUs.aspx successfully published: 8/22/2012 8:41:31 AM
SUCCESS - 8/22/2012 8:41:44 AM Method: CreateContentPageMeta. C:\Users\Gil\Documents\Visual Studio 2010\Projects\STFMPlatformTransition\STFMPlatformTransition\Content\Juournals.aspx successfully created: 8/22/2012 8:41:44 AM
SUCCESS - 8/22/2012 8:41:44 AM Method: CreateContentPage. Juournals.aspx successfully created: 8/22/2012 8:41:44 AM
SUCCESS - 8/22/2012 8:41:44 AM Method: FillContentObject. System.Security.Principal.WindowsPrincipal successfully completed: 8/22/2012 8:41:44 AM
SUCCESS - 8/22/2012 8:41:47 AM Method: PublishPage. Juournals.aspx successfully published: 8/22/2012 8:41:47 AM
SUCCESS - 8/22/2012 8:41:59 AM Method: CreateContentPageMeta. C:\Users\Gil\Documents\Visual Studio 2010\Projects\STFMPlatformTransition\STFMPlatformTransition\Content\Conferences.aspx successfully created: 8/22/2012 8:41:59 AM
SUCCESS - 8/22/2012 8:41:59 AM Method: CreateContentPage. Conferences.aspx successfully created: 8/22/2012 8:41:59 AM
SUCCESS - 8/22/2012 8:41:59 AM Method: FillContentObject. System.Security.Principal.WindowsPrincipal successfully completed: 8/22/2012 8:41:59 AM
SUCCESS - 8/22/2012 8:42:01 AM Method: PublishPage. Conferences.aspx successfully published: 8/22/2012 8:42:01 AM
SUCCESS - 8/22/2012 8:42:20 AM Method: CreateContentPageMeta. C:\Users\Gil\Documents\Visual Studio 2010\Projects\STFMPlatformTransition\STFMPlatformTransition\Content\AboutUsTest1.aspx successfully created: 8/22/2012 8:42:20 AM
SUCCESS - 8/22/2012 8:42:20 AM Method: CreateContentPage. AboutUsTest1.aspx successfully created: 8/22/2012 8:42:20 AM
SUCCESS - 8/22/2012 8:42:20 AM Method: FillContentObject. System.Security.Principal.WindowsPrincipal successfully completed: 8/22/2012 8:42:20 AM
SUCCESS - 8/22/2012 8:42:22 AM Method: PublishPage. AboutUsTest1.aspx successfully published: 8/22/2012 8:42:22 AM
SUCCESS - 8/22/2012 8:42:33 AM Method: CreateContentPageMeta. C:\Users\Gil\Documents\Visual Studio 2010\Projects\STFMPlatformTransition\STFMPlatformTransition\Content\AboutUsTest2.aspx successfully created: 8/22/2012 8:42:33 AM
SUCCESS - 8/22/2012 8:42:33 AM Method: CreateContentPage. AboutUsTest2.aspx successfully created: 8/22/2012 8:42:33 AM
SUCCESS - 8/22/2012 8:42:33 AM Method: FillContentObject. System.Security.Principal.WindowsPrincipal successfully completed: 8/22/2012 8:42:33 AM
SUCCESS - 8/22/2012 8:42:35 AM Method: PublishPage. AboutUsTest2.aspx successfully published: 8/22/2012 8:42:35 AM
SUCCESS - 8/22/2012 8:42:49 AM Method: CreateContentPageMeta. C:\Users\Gil\Documents\Visual Studio 2010\Projects\STFMPlatformTransition\STFMPlatformTransition\Content\JournalsTest1.aspx successfully created: 8/22/2012 8:42:49 AM
SUCCESS - 8/22/2012 8:42:49 AM Method: CreateContentPage. JournalsTest1.aspx successfully created: 8/22/2012 8:42:49 AM
SUCCESS - 8/22/2012 8:42:49 AM Method: FillContentObject. System.Security.Principal.WindowsPrincipal successfully completed: 8/22/2012 8:42:49 AM
SUCCESS - 8/22/2012 8:42:51 AM Method: PublishPage. JournalsTest1.aspx successfully published: 8/22/2012 8:42:51 AM
SUCCESS - 8/22/2012 8:43:00 AM Method: CreateContentPageMeta. C:\Users\Gil\Documents\Visual Studio 2010\Projects\STFMPlatformTransition\STFMPlatformTransition\Content\JournalsTest2.aspx successfully created: 8/22/2012 8:43:00 AM
SUCCESS - 8/22/2012 8:43:00 AM Method: CreateContentPage. JournalsTest2.aspx successfully created: 8/22/2012 8:43:00 AM
SUCCESS - 8/22/2012 8:43:00 AM Method: FillContentObject. System.Security.Principal.WindowsPrincipal successfully completed: 8/22/2012 8:43:00 AM
SUCCESS - 8/22/2012 8:43:02 AM Method: PublishPage. JournalsTest2.aspx successfully published: 8/22/2012 8:43:02 AM
SUCCESS - 8/22/2012 8:43:14 AM Method: CreateContentPageMeta. C:\Users\Gil\Documents\Visual Studio 2010\Projects\STFMPlatformTransition\STFMPlatformTransition\Content\ConferencesTest1.aspx successfully created: 8/22/2012 8:43:14 AM
SUCCESS - 8/22/2012 8:43:14 AM Method: CreateContentPage. ConferencesTest1.aspx successfully created: 8/22/2012 8:43:14 AM
SUCCESS - 8/22/2012 8:43:14 AM Method: FillContentObject. System.Security.Principal.WindowsPrincipal successfully completed: 8/22/2012 8:43:14 AM
SUCCESS - 8/22/2012 8:43:16 AM Method: PublishPage. ConferencesTest1.aspx successfully published: 8/22/2012 8:43:16 AM
SUCCESS - 8/22/2012 8:43:28 AM Method: CreateContentPageMeta. C:\Users\Gil\Documents\Visual Studio 2010\Projects\STFMPlatformTransition\STFMPlatformTransition\Content\ConferencesTest2.aspx successfully created: 8/22/2012 8:43:28 AM
SUCCESS - 8/22/2012 8:43:28 AM Method: CreateContentPage. ConferencesTest2.aspx successfully created: 8/22/2012 8:43:28 AM
SUCCESS - 8/22/2012 8:43:28 AM Method: FillContentObject. System.Security.Principal.WindowsPrincipal successfully completed: 8/22/2012 8:43:28 AM
SUCCESS - 8/22/2012 8:43:30 AM Method: PublishPage. ConferencesTest2.aspx successfully published: 8/22/2012 8:43:30 AM
SUCCESS - 8/22/2012 8:45:42 AM Method: CheckLoginCredentials. System.Security.Principal.WindowsPrincipal successfully authenticated: 8/22/2012 8:45:42 AM
SUCCESS - 8/22/2012 8:46:03 AM Method: CreateContentPageMeta. C:\Users\Gil\Documents\Visual Studio 2010\Projects\STFMPlatformTransition\STFMPlatformTransition\Content\Test1.aspx successfully created: 8/22/2012 8:46:03 AM
SUCCESS - 8/22/2012 8:46:03 AM Method: CreateContentPage. Test1.aspx successfully created: 8/22/2012 8:46:03 AM
SUCCESS - 8/22/2012 8:46:03 AM Method: FillContentObject. System.Security.Principal.WindowsPrincipal successfully completed: 8/22/2012 8:46:03 AM
SUCCESS - 8/22/2012 8:46:05 AM Method: PublishPage. Test1.aspx successfully published: 8/22/2012 8:46:05 AM
SUCCESS - 8/22/2012 8:46:14 AM Method: CreateContentPageMeta. C:\Users\Gil\Documents\Visual Studio 2010\Projects\STFMPlatformTransition\STFMPlatformTransition\Content\PageTest2.aspx successfully created: 8/22/2012 8:46:14 AM
SUCCESS - 8/22/2012 8:46:14 AM Method: CreateContentPage. PageTest2.aspx successfully created: 8/22/2012 8:46:14 AM
SUCCESS - 8/22/2012 8:46:14 AM Method: FillContentObject. System.Security.Principal.WindowsPrincipal successfully completed: 8/22/2012 8:46:14 AM
SUCCESS - 8/22/2012 8:46:16 AM Method: PublishPage. PageTest2.aspx successfully published: 8/22/2012 8:46:16 AM
SUCCESS - 8/22/2012 8:51:07 AM Method: CheckLoginCredentials. System.Security.Principal.WindowsPrincipal successfully authenticated: 8/22/2012 8:51:07 AM
SUCCESS - 8/22/2012 9:00:05 AM Method: CheckLoginCredentials. System.Security.Principal.WindowsPrincipal successfully authenticated: 8/22/2012 9:00:05 AM
SUCCESS - 8/22/2012 9:09:57 AM Method: CheckLoginCredentials. System.Security.Principal.WindowsPrincipal successfully authenticated: 8/22/2012 9:09:57 AM
SUCCESS - 8/22/2012 9:10:04 AM Method: FindPage. Successfully completed: 8/22/2012 9:10:04 AM
SUCCESS - 8/22/2012 9:10:09 AM Method: FindPage. Successfully completed: 8/22/2012 9:10:09 AM
SUCCESS - 8/22/2012 9:10:15 AM Method: FindPage. Successfully completed: 8/22/2012 9:10:15 AM
SUCCESS - 8/22/2012 9:36:51 AM Method: CheckLoginCredentials. System.Security.Principal.WindowsPrincipal successfully authenticated: 8/22/2012 9:36:51 AM
SUCCESS - 8/22/2012 9:37:37 AM Method: SavePageContent. AboutUs.aspx content was successfully saved: 8/22/2012 9:37:37 AM
SUCCESS - 8/22/2012 9:37:46 AM Method: SavePageContent. AboutUs.aspx content was successfully saved: 8/22/2012 9:37:46 AM
SUCCESS - 8/22/2012 9:37:48 AM Method: SavePageContent. AboutUs.aspx content was successfully saved: 8/22/2012 9:37:48 AM
SUCCESS - 8/22/2012 9:37:49 AM Method: SavePageContent. AboutUs.aspx content was successfully saved: 8/22/2012 9:37:49 AM
SUCCESS - 8/22/2012 9:37:56 AM Method: SavePageContent. AboutUs.aspx content was successfully saved: 8/22/2012 9:37:56 AM
SUCCESS - 8/22/2012 9:38:01 AM Method: SavePageContent. AboutUs.aspx content was successfully saved: 8/22/2012 9:38:01 AM
SUCCESS - 8/22/2012 10:10:03 AM Method: CheckLoginCredentials. System.Security.Principal.WindowsPrincipal successfully authenticated: 8/22/2012 10:10:03 AM
Oh Yes!  SUCCESS - 8/22/2012 10:10:21 AM Method: SavePageContent. AboutUs.aspx content was successfully saved: 8/22/2012 10:10:21 AM SQL: insert into STFMContentHistory (ContentMetaID, Section, Page, Placement, Content, UserID, DateCreated) Values (60, 'AboutUs', 'AboutUs', '2', '<p>The Society was founded in 1967 to respond to the needs of family medicine educators. From a small beginning of 105 founding members, we have grown to a membership of nearly 5,000 teachers of family medicine. These teachers include medical school professors, preceptors, residency program faculty, residency program directors and all involved in family medicine education.</p>
		<p>The administrative offices are housed with the American Academy of Family Physicians in Leawood, Kansas, enhancing the close relationship between the two organizations. The Society has a 16-person staff in Leawood, Kansas, and two part-time staff members in Washington, DC.<br /></p>
		<h3 align="left">Mission</h3>
		<p align="left">Advancing Family Medicine to Improve Health Through a Community of Teachers and Scholars.</p>
		<h3 align="left">Core Values</h3>
		<ul>
				<li>
						<font color="#000000">Diversity</font>
				</li>
				<li>
						<font color="#000000">Excellence</font>
				</li>
				<li>
						<font color="#000000">Integrity</font>
				</li>
				<li>
						<font color="#000000">Learning</font>
				</li>
				<li>
						<font color="#000000">Nurturing</font>
				</li>
				<li>
						<font color="#000000">Openness</font>
				</li>
				<li>
						<font color="#000000">Relationship-centered </font>
				</li>
		</ul>
		<h3 align="left">Vision</h3>
		<p align="left">To become the indispensable academic home for every family medicine educator</p>
		<h3>
				<a name="StrategicPlan">
				</a>Strategic Plan<br /></h3>
		<p>
		</p>
		<style><![CDATA[
&amp;amp;amp;amp;amp;amp;amp;lt;!--
 /* Font Definitions */
@font-face
	{font-family:Arial;
	panose-1:2 11 6 4 2 2 2 2 2 4;
	mso-font-charset:0;
	mso-generic-font-family:auto;
	mso-font-pitch:variable;
	mso-font-signature:3 0 0 0 1 0;}
@font-face
	{font-family:Calibri;
	panose-1:2 15 5 2 2 2 4 3 2 4;
	mso-font-charset:0;
	mso-generic-font-family:auto;
	mso-font-pitch:variable;
	mso-font-signature:3 0 0 0 1 0;}
 /* Style Definitions */
p.MsoNormal, li.MsoNormal, div.MsoNormal
	{mso-style-parent:&amp;amp;amp;amp;amp;amp;amp;quot;&amp;amp;amp;amp;amp;amp;amp;quot;;
	margin:0in;
	margin-bottom:.0001pt;
	mso-pagination:widow-orphan;
	font-size:12.0pt;
	font-family:&amp;amp;amp;amp;amp;amp;amp;quot;Times New Roman&amp;amp;amp;amp;amp;amp;amp;quot;;
	mso-ascii-font-family:Calibri;
	mso-fareast-font-family:Calibri;
	mso-hansi-font-family:Calibri;
	mso-bidi-font-family:&amp;amp;amp;amp;amp;amp;amp;quot;Times New Roman&amp;amp;amp;amp;amp;amp;amp;quot;;}
@page Section1
	{size:8.5in 11.0in;
	margin:1.0in 1.25in 1.0in 1.25in;
	mso-header-margin:.5in;
	mso-footer-margin:.5in;
	mso-paper-source:0;}
div.Section1
	{page:Section1;}
--&amp;amp;amp;amp;amp;amp;amp;gt;
]]></style>
		<p>
		</p>
		<style><![CDATA[
&lt;!--
 /* Font Definitions */
@font-face
	{font-family:Arial;
	panose-1:2 11 6 4 2 2 2 2 2 4;
	mso-font-charset:0;
	mso-generic-font-family:auto;
	mso-font-pitch:variable;
	mso-font-signature:3 0 0 0 1 0;}
@font-face
	{font-family:Calibri;
	panose-1:2 15 5 2 2 2 4 3 2 4;
	mso-font-charset:0;
	mso-generic-font-family:auto;
	mso-font-pitch:variable;
	mso-font-signature:3 0 0 0 1 0;}
 /* Style Definitions */
p.MsoNormal, li.MsoNormal, div.MsoNormal
	{mso-style-parent:&quot;&quot;;
	margin-top:0in;
	margin-right:0in;
	margin-bottom:10.0pt;
	margin-left:0in;
	line-height:115%;
	mso-pagination:widow-orphan;
	font-size:11.0pt;
	font-family:&quot;Times New Roman&quot;;
	mso-ascii-font-family:Calibri;
	mso-ascii-theme-font:minor-latin;
	mso-fareast-font-family:Calibri;
	mso-fareast-theme-font:minor-latin;
	mso-hansi-font-family:Calibri;
	mso-hansi-theme-font:minor-latin;
	mso-bidi-font-family:&quot;Times New Roman&quot;;
	mso-bidi-theme-font:minor-bidi;}
@page Section1
	{size:8.5in 11.0in;
	margin:1.0in 1.25in 1.0in 1.25in;
	mso-header-margin:.5in;
	mso-footer-margin:.5in;
	mso-paper-source:0;}
div.Section1
	{page:Section1;}
--&gt;]]></style>
The STFM Board of Directors implemented a strategic planning process in 2011 to develop a 3-year plan and a process for utilization, measurement, updating, adding new and sun setting old programs. This was developed through extensive discussions by the Strategic Planning Committee, interviews of the Committee members, non-members and members-at-large; focus groups conducted at the annual meeting; and a member needs survey. 
<p>This research resulted in five key priority areas for the STFM over the next 3 years. The plan should not and will not outline every tactic but will provide broad goals and strategies in which the programs of the organization will be considered. It is essential to the success of this plan that the organization has a strong infrastructure – governance, staff, communications plan, and facilities – in place to implement the plan. Also inherent in this plan is the belief that the Society supports diversity of faculty, including discipline, race, gender, and sexual orientation in the strategies we will use to address these priorities. While infrastructure and diversity are not listed as separate goals, it is recognized that they are major components for operationalizing this plan. </p><h4><a href="http://www.stfm.org/about/StrategicPlan.cfm">View the Strategic Plan</a></h4>', '', '8/22/2012 10:10:21 AM')
SUCCESS - 8/22/2012 10:27:24 AM Method: CheckLoginCredentials. System.Security.Principal.WindowsPrincipal successfully authenticated: 8/22/2012 10:27:24 AM
Oh Yes!  SUCCESS - 8/22/2012 10:28:09 AM Method: SavePageContent. AboutUs.aspx content was successfully saved: 8/22/2012 10:28:09 AM SQL: insert into ContentMeta (ContentID, DateCreated, CreatedBy, MetaDescriptorID) Values (5, '8/22/2012 10:28:09 AM', 'admin', '1')
SUCCESS - 8/22/2012 10:28:16 AM Method: PublishContent. 5 successfully published: 8/22/2012 10:28:16 AM
SUCCESS - 8/22/2012 10:29:23 AM Method: CheckLoginCredentials. System.Security.Principal.WindowsPrincipal successfully authenticated: 8/22/2012 10:29:23 AM
Oh Yes!  SUCCESS - 8/22/2012 10:33:44 AM Method: SavePageContent. AboutUs.aspx content was successfully saved: 8/22/2012 10:33:44 AM SQL: insert into STFMContentHistory (ContentMetaID, Section, Page, Placement, Content, UserID, DateCreated) Values (63, 'AboutUs', 'AboutUs', '2', '<p>The Society was founded in 1967 to respond to the needs of family medicine educators. From a small beginning of 105 founding members, we have grown to a membership of nearly 5,000 teachers of family medicine. These teachers include medical school professors, preceptors, residency program faculty, residency program directors and all involved in family medicine education.</p>
		<p>The administrative offices are housed with the American Academy of Family Physicians in Leawood, Kansas, enhancing the close relationship between the two organizations. The Society has a 16-person staff in Leawood, Kansas, and two part-time staff members in Washington, DC.<br /></p>
		<h3 align="left">Mission</h3>
		<p align="left">Advancing Family''s Medicine to Improve Health Through a Community of Teachers and Scholars.</p>
		<h3 align="left">Core Values</h3>
		<ul>
				<li>
						<font color="#000000">Diversity</font>
				</li>
				<li>
						<font color="#000000">Excellence</font>
				</li>
				<li>
						<font color="#000000">Integrity</font>
				</li>
				<li>
						<font color="#000000">Learning</font>
				</li>
				<li>
						<font color="#000000">Nurturing</font>
				</li>
				<li>
						<font color="#000000">Openness</font>
				</li>
				<li>
						<font color="#000000">Relationship-centered </font>
				</li>
		</ul>
		<h3 align="left">Vision</h3>
		<p align="left">To become the indispensable academic home for every family medicine educator</p>
		<h3>
				<a name="StrategicPlan">
				</a>Strategic Plan<br /></h3>
		<p>
		</p>
		<style><![CDATA[
&amp;amp;amp;amp;amp;amp;amp;lt;!--
 /* Font Definitions */
@font-face
	{font-family:Arial;
	panose-1:2 11 6 4 2 2 2 2 2 4;
	mso-font-charset:0;
	mso-generic-font-family:auto;
	mso-font-pitch:variable;
	mso-font-signature:3 0 0 0 1 0;}
@font-face
	{font-family:Calibri;
	panose-1:2 15 5 2 2 2 4 3 2 4;
	mso-font-charset:0;
	mso-generic-font-family:auto;
	mso-font-pitch:variable;
	mso-font-signature:3 0 0 0 1 0;}
 /* Style Definitions */
p.MsoNormal, li.MsoNormal, div.MsoNormal
	{mso-style-parent:&amp;amp;amp;amp;amp;amp;amp;quot;&amp;amp;amp;amp;amp;amp;amp;quot;;
	margin:0in;
	margin-bottom:.0001pt;
	mso-pagination:widow-orphan;
	font-size:12.0pt;
	font-family:&amp;amp;amp;amp;amp;amp;amp;quot;Times New Roman&amp;amp;amp;amp;amp;amp;amp;quot;;
	mso-ascii-font-family:Calibri;
	mso-fareast-font-family:Calibri;
	mso-hansi-font-family:Calibri;
	mso-bidi-font-family:&amp;amp;amp;amp;amp;amp;amp;quot;Times New Roman&amp;amp;amp;amp;amp;amp;amp;quot;;}
@page Section1
	{size:8.5in 11.0in;
	margin:1.0in 1.25in 1.0in 1.25in;
	mso-header-margin:.5in;
	mso-footer-margin:.5in;
	mso-paper-source:0;}
div.Section1
	{page:Section1;}
--&amp;amp;amp;amp;amp;amp;amp;gt;
]]></style>
		<p>
		</p>
		<style><![CDATA[
&lt;!--
 /* Font Definitions */
@font-face
	{font-family:Arial;
	panose-1:2 11 6 4 2 2 2 2 2 4;
	mso-font-charset:0;
	mso-generic-font-family:auto;
	mso-font-pitch:variable;
	mso-font-signature:3 0 0 0 1 0;}
@font-face
	{font-family:Calibri;
	panose-1:2 15 5 2 2 2 4 3 2 4;
	mso-font-charset:0;
	mso-generic-font-family:auto;
	mso-font-pitch:variable;
	mso-font-signature:3 0 0 0 1 0;}
 /* Style Definitions */
p.MsoNormal, li.MsoNormal, div.MsoNormal
	{mso-style-parent:&quot;&quot;;
	margin-top:0in;
	margin-right:0in;
	margin-bottom:10.0pt;
	margin-left:0in;
	line-height:115%;
	mso-pagination:widow-orphan;
	font-size:11.0pt;
	font-family:&quot;Times New Roman&quot;;
	mso-ascii-font-family:Calibri;
	mso-ascii-theme-font:minor-latin;
	mso-fareast-font-family:Calibri;
	mso-fareast-theme-font:minor-latin;
	mso-hansi-font-family:Calibri;
	mso-hansi-theme-font:minor-latin;
	mso-bidi-font-family:&quot;Times New Roman&quot;;
	mso-bidi-theme-font:minor-bidi;}
@page Section1
	{size:8.5in 11.0in;
	margin:1.0in 1.25in 1.0in 1.25in;
	mso-header-margin:.5in;
	mso-footer-margin:.5in;
	mso-paper-source:0;}
div.Section1
	{page:Section1;}
--&gt;]]></style>
The STFM Board of Directors implemented a strategic planning process in 2011 to develop a 3-year plan and a process for utilization, measurement, updating, adding new and sun setting old programs. This was developed through extensive discussions by the Strategic Planning Committee, interviews of the Committee members, non-members and members-at-large; focus groups conducted at the annual meeting; and a member needs survey. 
<p>This research resulted in five key priority areas for the STFM over the next 3 years. The plan should not and will not outline every tactic but will provide broad goals and strategies in which the programs of the organization will be considered. It is essential to the success of this plan that the organization has a strong infrastructure – governance, staff, communications plan, and facilities – in place to implement the plan. Also inherent in this plan is the belief that the Society supports diversity of faculty, including discipline, race, gender, and sexual orientation in the strategies we will use to address these priorities. While infrastructure and diversity are not listed as separate goals, it is recognized that they are major components for operationalizing this plan. </p><h4><a href="http://www.stfm.org/about/StrategicPlan.cfm">View the Strategic Plan</a></h4>', '', '8/22/2012 10:33:44 AM')
Oh Yes!  SUCCESS - 8/22/2012 10:37:56 AM Method: SavePageContent. AboutUs.aspx content was successfully saved: 8/22/2012 10:37:56 AM SQL: insert into STFMContentHistory (ContentMetaID, Section, Page, Placement, Content, UserID, DateCreated) Values (64, 'AboutUs', 'AboutUs', '2', '<p>The Society was founded in 1967 to respond to the needs of family medicine educators. From a small beginning of 105 founding members, we have grown to a membership of nearly 5,000 teachers of family medicine. These teachers include medical school professors, preceptors, residency program faculty, residency program directors and all involved in family medicine education.</p>
		<p>The administrative offices are housed with the American Academy of Family Physicians in Leawood, Kansas, enhancing the close relationship between the two organizations. The Society has a 16-person staff in Leawood, Kansas, and two part-time staff members in Washington, DC.<br /></p>
		<h3 align="left">Mission</h3>
		<p align="left">Advancing Family''s Medicine to Improve Health Through a Community of Teachers and Scholars.</p>
		<h3 align="left">Core Values</h3>
		<ul>
				<li>
						<font color="#000000">Diversity</font>
				</li>
				<li>
						<font color="#000000">Excellence</font>
				</li>
				<li>
						<font color="#000000">Integrity</font>
				</li>
				<li>
						<font color="#000000">Learning</font>
				</li>
				<li>
						<font color="#000000">Nurturing</font>
				</li>
				<li>
						<font color="#000000">Openness</font>
				</li>
				<li>
						<font color="#000000">Relationship-centered </font>
				</li>
		</ul>
		<h3 align="left">Vision</h3>
		<p align="left">To become the indispensable academic home for every family medicine educator</p>
		<h3>
				<a name="StrategicPlan">
				</a>Strategic Plan<br /></h3>
		<p>
		</p>
		<style><![CDATA[
&amp;amp;amp;amp;amp;amp;amp;lt;!--
 /* Font Definitions */
@font-face
	{font-family:Arial;
	panose-1:2 11 6 4 2 2 2 2 2 4;
	mso-font-charset:0;
	mso-generic-font-family:auto;
	mso-font-pitch:variable;
	mso-font-signature:3 0 0 0 1 0;}
@font-face
	{font-family:Calibri;
	panose-1:2 15 5 2 2 2 4 3 2 4;
	mso-font-charset:0;
	mso-generic-font-family:auto;
	mso-font-pitch:variable;
	mso-font-signature:3 0 0 0 1 0;}
 /* Style Definitions */
p.MsoNormal, li.MsoNormal, div.MsoNormal
	{mso-style-parent:&amp;amp;amp;amp;amp;amp;amp;quot;&amp;amp;amp;amp;amp;amp;amp;quot;;
	margin:0in;
	margin-bottom:.0001pt;
	mso-pagination:widow-orphan;
	font-size:12.0pt;
	font-family:&amp;amp;amp;amp;amp;amp;amp;quot;Times New Roman&amp;amp;amp;amp;amp;amp;amp;quot;;
	mso-ascii-font-family:Calibri;
	mso-fareast-font-family:Calibri;
	mso-hansi-font-family:Calibri;
	mso-bidi-font-family:&amp;amp;amp;amp;amp;amp;amp;quot;Times New Roman&amp;amp;amp;amp;amp;amp;amp;quot;;}
@page Section1
	{size:8.5in 11.0in;
	margin:1.0in 1.25in 1.0in 1.25in;
	mso-header-margin:.5in;
	mso-footer-margin:.5in;
	mso-paper-source:0;}
div.Section1
	{page:Section1;}
--&amp;amp;amp;amp;amp;amp;amp;gt;
]]></style>
		<p>
		</p>
		<style><![CDATA[
&lt;!--
 /* Font Definitions */
@font-face
	{font-family:Arial;
	panose-1:2 11 6 4 2 2 2 2 2 4;
	mso-font-charset:0;
	mso-generic-font-family:auto;
	mso-font-pitch:variable;
	mso-font-signature:3 0 0 0 1 0;}
@font-face
	{font-family:Calibri;
	panose-1:2 15 5 2 2 2 4 3 2 4;
	mso-font-charset:0;
	mso-generic-font-family:auto;
	mso-font-pitch:variable;
	mso-font-signature:3 0 0 0 1 0;}
 /* Style Definitions */
p.MsoNormal, li.MsoNormal, div.MsoNormal
	{mso-style-parent:&quot;&quot;;
	margin-top:0in;
	margin-right:0in;
	margin-bottom:10.0pt;
	margin-left:0in;
	line-height:115%;
	mso-pagination:widow-orphan;
	font-size:11.0pt;
	font-family:&quot;Times New Roman&quot;;
	mso-ascii-font-family:Calibri;
	mso-ascii-theme-font:minor-latin;
	mso-fareast-font-family:Calibri;
	mso-fareast-theme-font:minor-latin;
	mso-hansi-font-family:Calibri;
	mso-hansi-theme-font:minor-latin;
	mso-bidi-font-family:&quot;Times New Roman&quot;;
	mso-bidi-theme-font:minor-bidi;}
@page Section1
	{size:8.5in 11.0in;
	margin:1.0in 1.25in 1.0in 1.25in;
	mso-header-margin:.5in;
	mso-footer-margin:.5in;
	mso-paper-source:0;}
div.Section1
	{page:Section1;}
--&gt;]]></style>
The STFM Board of Directors implemented a strategic planning process in 2011 to develop a 3-year plan and a process for utilization, measurement, updating, adding new and sun setting old programs. This was developed through extensive discussions by the Strategic Planning Committee, interviews of the Committee members, non-members and members-at-large; focus groups conducted at the annual meeting; and a member needs survey. 
<p>This research resulted in five key priority areas for the STFM over the next 3 years. The plan should not and will not outline every tactic but will provide broad goals and strategies in which the programs of the organization will be considered. It is essential to the success of this plan that the organization has a strong infrastructure – governance, staff, communications plan, and facilities – in place to implement the plan. Also inherent in this plan is the belief that the Society supports diversity of faculty, including discipline, race, gender, and sexual orientation in the strategies we will use to address these priorities. While infrastructure and diversity are not listed as separate goals, it is recognized that they are major components for operationalizing this plan. </p><h4><a href="http://www.stfm.org/about/StrategicPlan.cfm">View the Strategic Plan</a></h4>', '', '8/22/2012 10:37:56 AM')
Oh Yes!  SUCCESS - 8/22/2012 10:40:25 AM Method: SavePageContent. AboutUs.aspx content was successfully saved: 8/22/2012 10:40:25 AM SQL: insert into STFMContentHistory (ContentMetaID, Section, Page, Placement, Content, UserID, DateCreated) Values (65, 'AboutUs', 'AboutUs', '2', '<p>The Society was founded in 1967 to respond to the needs of family medicine educators. From a small beginning of 105 founding members, we have grown to a membership of nearly 5,000 teachers of family medicine. These teachers include medical school professors, preceptors, residency program faculty, residency program directors and all involved in family medicine education.</p>
		<p>The administrative offices are housed with the American Academy of Family Physicians in Leawood, Kansas, enhancing the close relationship between the two organizations. The Society has a 16-person staff in Leawood, Kansas, and two part-time staff members in Washington, DC.<br /></p>
		<h3 align="left">Mission</h3>
		<p align="left">Advancing Family''s Medicine to Improve Health Through a Community of Teachers and Scholars.</p>
		<h3 align="left">Core Values</h3>
		<ul>
				<li>
						<font color="#000000">Diversity</font>
				</li>
				<li>
						<font color="#000000">Excellence</font>
				</li>
				<li>
						<font color="#000000">Integrity</font>
				</li>
				<li>
						<font color="#000000">Learning</font>
				</li>
				<li>
						<font color="#000000">Nurturing</font>
				</li>
				<li>
						<font color="#000000">Openness</font>
				</li>
				<li>
						<font color="#000000">Relationship-centered </font>
				</li>
		</ul>
		<h3 align="left">Vision</h3>
		<p align="left">To become the indispensable academic home for every family medicine educator</p>
		<h3>
				<a name="StrategicPlan">
				</a>Strategic Plan<br /></h3>
		<p>
		</p>
		<style><![CDATA[
&amp;amp;amp;amp;amp;amp;amp;lt;!--
 /* Font Definitions */
@font-face
	{font-family:Arial;
	panose-1:2 11 6 4 2 2 2 2 2 4;
	mso-font-charset:0;
	mso-generic-font-family:auto;
	mso-font-pitch:variable;
	mso-font-signature:3 0 0 0 1 0;}
@font-face
	{font-family:Calibri;
	panose-1:2 15 5 2 2 2 4 3 2 4;
	mso-font-charset:0;
	mso-generic-font-family:auto;
	mso-font-pitch:variable;
	mso-font-signature:3 0 0 0 1 0;}
 /* Style Definitions */
p.MsoNormal, li.MsoNormal, div.MsoNormal
	{mso-style-parent:&amp;amp;amp;amp;amp;amp;amp;quot;&amp;amp;amp;amp;amp;amp;amp;quot;;
	margin:0in;
	margin-bottom:.0001pt;
	mso-pagination:widow-orphan;
	font-size:12.0pt;
	font-family:&amp;amp;amp;amp;amp;amp;amp;quot;Times New Roman&amp;amp;amp;amp;amp;amp;amp;quot;;
	mso-ascii-font-family:Calibri;
	mso-fareast-font-family:Calibri;
	mso-hansi-font-family:Calibri;
	mso-bidi-font-family:&amp;amp;amp;amp;amp;amp;amp;quot;Times New Roman&amp;amp;amp;amp;amp;amp;amp;quot;;}
@page Section1
	{size:8.5in 11.0in;
	margin:1.0in 1.25in 1.0in 1.25in;
	mso-header-margin:.5in;
	mso-footer-margin:.5in;
	mso-paper-source:0;}
div.Section1
	{page:Section1;}
--&amp;amp;amp;amp;amp;amp;amp;gt;
]]></style>
		<p>
		</p>
		<style><![CDATA[
&lt;!--
 /* Font Definitions */
@font-face
	{font-family:Arial;
	panose-1:2 11 6 4 2 2 2 2 2 4;
	mso-font-charset:0;
	mso-generic-font-family:auto;
	mso-font-pitch:variable;
	mso-font-signature:3 0 0 0 1 0;}
@font-face
	{font-family:Calibri;
	panose-1:2 15 5 2 2 2 4 3 2 4;
	mso-font-charset:0;
	mso-generic-font-family:auto;
	mso-font-pitch:variable;
	mso-font-signature:3 0 0 0 1 0;}
 /* Style Definitions */
p.MsoNormal, li.MsoNormal, div.MsoNormal
	{mso-style-parent:&quot;&quot;;
	margin-top:0in;
	margin-right:0in;
	margin-bottom:10.0pt;
	margin-left:0in;
	line-height:115%;
	mso-pagination:widow-orphan;
	font-size:11.0pt;
	font-family:&quot;Times New Roman&quot;;
	mso-ascii-font-family:Calibri;
	mso-ascii-theme-font:minor-latin;
	mso-fareast-font-family:Calibri;
	mso-fareast-theme-font:minor-latin;
	mso-hansi-font-family:Calibri;
	mso-hansi-theme-font:minor-latin;
	mso-bidi-font-family:&quot;Times New Roman&quot;;
	mso-bidi-theme-font:minor-bidi;}
@page Section1
	{size:8.5in 11.0in;
	margin:1.0in 1.25in 1.0in 1.25in;
	mso-header-margin:.5in;
	mso-footer-margin:.5in;
	mso-paper-source:0;}
div.Section1
	{page:Section1;}
--&gt;]]></style>
The STFM Board of Directors implemented a strategic planning process in 2011 to develop a 3-year plan and a process for utilization, measurement, updating, adding new and sun setting old programs. This was developed through extensive discussions by the Strategic Planning Committee, interviews of the Committee members, non-members and members-at-large; focus groups conducted at the annual meeting; and a member needs survey. 
<p>This research resulted in five key priority areas for the STFM over the next 3 years. The plan should not and will not outline every tactic but will provide broad goals and strategies in which the programs of the organization will be considered. It is essential to the success of this plan that the organization has a strong infrastructure – governance, staff, communications plan, and facilities – in place to implement the plan. Also inherent in this plan is the belief that the Society supports diversity of faculty, including discipline, race, gender, and sexual orientation in the strategies we will use to address these priorities. While infrastructure and diversity are not listed as separate goals, it is recognized that they are major components for operationalizing this plan. </p><h4><a href="http://www.stfm.org/about/StrategicPlan.cfm">View the Strategic Plan</a></h4>', '', '8/22/2012 10:40:25 AM')
Oh Yes!  SUCCESS - 8/22/2012 10:43:20 AM Method: SavePageContent. AboutUs.aspx content was successfully saved: 8/22/2012 10:43:20 AM SQL: insert into STFMContentHistory (ContentMetaID, Section, Page, Placement, Content, UserID, DateCreated) Values (66, 'AboutUs', 'AboutUs', '2', '<p>The Society was founded in 1967 to respond to the needs of family medicine educators. From a small beginning of 105 founding members, we have grown to a membership of nearly 5,000 teachers of family medicine. These teachers include medical school professors, preceptors, residency program faculty, residency program directors and all involved in family medicine education.</p>
		<p>The administrative offices are housed with the American Academy of Family Physicians in Leawood, Kansas, enhancing the close relationship between the two organizations. The Society has a 16-person staff in Leawood, Kansas, and two part-time staff members in Washington, DC.<br /></p>
		<h3 align="left">Mission</h3>
		<p align="left">Advancing Family''s Medicine to Improve Health Through a Community of Teachers and Scholars.</p>
		<h3 align="left">Core Values</h3>
		<ul>
				<li>
						<font color="#000000">Diversity</font>
				</li>
				<li>
						<font color="#000000">Excellence</font>
				</li>
				<li>
						<font color="#000000">Integrity</font>
				</li>
				<li>
						<font color="#000000">Learning</font>
				</li>
				<li>
						<font color="#000000">Nurturing</font>
				</li>
				<li>
						<font color="#000000">Openness</font>
				</li>
				<li>
						<font color="#000000">Relationship-centered </font>
				</li>
		</ul>
		<h3 align="left">Vision</h3>
		<p align="left">To become the indispensable academic home for every family medicine educator</p>
		<h3>
				<a name="StrategicPlan">
				</a>Strategic Plan<br /></h3>
		<p>
		</p>
		<style><![CDATA[
&amp;amp;amp;amp;amp;amp;amp;lt;!--
 /* Font Definitions */
@font-face
	{font-family:Arial;
	panose-1:2 11 6 4 2 2 2 2 2 4;
	mso-font-charset:0;
	mso-generic-font-family:auto;
	mso-font-pitch:variable;
	mso-font-signature:3 0 0 0 1 0;}
@font-face
	{font-family:Calibri;
	panose-1:2 15 5 2 2 2 4 3 2 4;
	mso-font-charset:0;
	mso-generic-font-family:auto;
	mso-font-pitch:variable;
	mso-font-signature:3 0 0 0 1 0;}
 /* Style Definitions */
p.MsoNormal, li.MsoNormal, div.MsoNormal
	{mso-style-parent:&amp;amp;amp;amp;amp;amp;amp;quot;&amp;amp;amp;amp;amp;amp;amp;quot;;
	margin:0in;
	margin-bottom:.0001pt;
	mso-pagination:widow-orphan;
	font-size:12.0pt;
	font-family:&amp;amp;amp;amp;amp;amp;amp;quot;Times New Roman&amp;amp;amp;amp;amp;amp;amp;quot;;
	mso-ascii-font-family:Calibri;
	mso-fareast-font-family:Calibri;
	mso-hansi-font-family:Calibri;
	mso-bidi-font-family:&amp;amp;amp;amp;amp;amp;amp;quot;Times New Roman&amp;amp;amp;amp;amp;amp;amp;quot;;}
@page Section1
	{size:8.5in 11.0in;
	margin:1.0in 1.25in 1.0in 1.25in;
	mso-header-margin:.5in;
	mso-footer-margin:.5in;
	mso-paper-source:0;}
div.Section1
	{page:Section1;}
--&amp;amp;amp;amp;amp;amp;amp;gt;
]]></style>
		<p>
		</p>
		<style><![CDATA[
&lt;!--
 /* Font Definitions */
@font-face
	{font-family:Arial;
	panose-1:2 11 6 4 2 2 2 2 2 4;
	mso-font-charset:0;
	mso-generic-font-family:auto;
	mso-font-pitch:variable;
	mso-font-signature:3 0 0 0 1 0;}
@font-face
	{font-family:Calibri;
	panose-1:2 15 5 2 2 2 4 3 2 4;
	mso-font-charset:0;
	mso-generic-font-family:auto;
	mso-font-pitch:variable;
	mso-font-signature:3 0 0 0 1 0;}
 /* Style Definitions */
p.MsoNormal, li.MsoNormal, div.MsoNormal
	{mso-style-parent:&quot;&quot;;
	margin-top:0in;
	margin-right:0in;
	margin-bottom:10.0pt;
	margin-left:0in;
	line-height:115%;
	mso-pagination:widow-orphan;
	font-size:11.0pt;
	font-family:&quot;Times New Roman&quot;;
	mso-ascii-font-family:Calibri;
	mso-ascii-theme-font:minor-latin;
	mso-fareast-font-family:Calibri;
	mso-fareast-theme-font:minor-latin;
	mso-hansi-font-family:Calibri;
	mso-hansi-theme-font:minor-latin;
	mso-bidi-font-family:&quot;Times New Roman&quot;;
	mso-bidi-theme-font:minor-bidi;}
@page Section1
	{size:8.5in 11.0in;
	margin:1.0in 1.25in 1.0in 1.25in;
	mso-header-margin:.5in;
	mso-footer-margin:.5in;
	mso-paper-source:0;}
div.Section1
	{page:Section1;}
--&gt;]]></style>
The STFM Board of Directors implemented a strategic planning process in 2011 to develop a 3-year plan and a process for utilization, measurement, updating, adding new and sun setting old programs. This was developed through extensive discussions by the Strategic Planning Committee, interviews of the Committee members, non-members and members-at-large; focus groups conducted at the annual meeting; and a member needs survey. 
<p>This research resulted in five key priority areas for the STFM over the next 3 years. The plan should not and will not outline every tactic but will provide broad goals and strategies in which the programs of the organization will be considered. It is essential to the success of this plan that the organization has a strong infrastructure – governance, staff, communications plan, and facilities – in place to implement the plan. Also inherent in this plan is the belief that the Society supports diversity of faculty, including discipline, race, gender, and sexual orientation in the strategies we will use to address these priorities. While infrastructure and diversity are not listed as separate goals, it is recognized that they are major components for operationalizing this plan. </p><h4><a href="http://www.stfm.org/about/StrategicPlan.cfm">View the Strategic Plan</a></h4>', '', '8/22/2012 10:43:20 AM')
Oh Yes!  SUCCESS - 8/22/2012 10:45:38 AM Method: SavePageContent. AboutUs.aspx content was successfully saved: 8/22/2012 10:45:38 AM SQL: insert into STFMContentHistory (ContentMetaID, Section, Page, Placement, Content, UserID, DateCreated) Values (67, 'AboutUs', 'AboutUs', '2', '<p>The Society was founded in 1967 to respond to the needs of family medicine educators. From a small beginning of 105 founding members, we have grown to a membership of nearly 5,000 teachers of family medicine. These teachers include medical school professors, preceptors, residency program faculty, residency program directors and all involved in family medicine education.</p>
		<p>The administrative offices are housed with the American Academy of Family Physicians in Leawood, Kansas, enhancing the close relationship between the two organizations. The Society has a 16-person staff in Leawood, Kansas, and two part-time staff members in Washington, DC.<br /></p>
		<h3 align="left">Mission</h3>
		<p align="left">Advancing Family''s Medicine to Improve Health Through a Community of Teachers and Scholars.</p>
		<h3 align="left">Core Values</h3>
		<ul>
				<li>
						<font color="#000000">Diversity</font>
				</li>
				<li>
						<font color="#000000">Excellence</font>
				</li>
				<li>
						<font color="#000000">Integrity</font>
				</li>
				<li>
						<font color="#000000">Learning</font>
				</li>
				<li>
						<font color="#000000">Nurturing</font>
				</li>
				<li>
						<font color="#000000">Openness</font>
				</li>
				<li>
						<font color="#000000">Relationship-centered </font>
				</li>
		</ul>
		<h3 align="left">Vision</h3>
		<p align="left">To become the indispensable academic home for every family medicine educator</p>
		<h3>
				<a name="StrategicPlan">
				</a>Strategic Plan<br /></h3>
		<p>
		</p>
		<style><![CDATA[
&amp;amp;amp;amp;amp;amp;amp;lt;!--
 /* Font Definitions */
@font-face
	{font-family:Arial;
	panose-1:2 11 6 4 2 2 2 2 2 4;
	mso-font-charset:0;
	mso-generic-font-family:auto;
	mso-font-pitch:variable;
	mso-font-signature:3 0 0 0 1 0;}
@font-face
	{font-family:Calibri;
	panose-1:2 15 5 2 2 2 4 3 2 4;
	mso-font-charset:0;
	mso-generic-font-family:auto;
	mso-font-pitch:variable;
	mso-font-signature:3 0 0 0 1 0;}
 /* Style Definitions */
p.MsoNormal, li.MsoNormal, div.MsoNormal
	{mso-style-parent:&amp;amp;amp;amp;amp;amp;amp;quot;&amp;amp;amp;amp;amp;amp;amp;quot;;
	margin:0in;
	margin-bottom:.0001pt;
	mso-pagination:widow-orphan;
	font-size:12.0pt;
	font-family:&amp;amp;amp;amp;amp;amp;amp;quot;Times New Roman&amp;amp;amp;amp;amp;amp;amp;quot;;
	mso-ascii-font-family:Calibri;
	mso-fareast-font-family:Calibri;
	mso-hansi-font-family:Calibri;
	mso-bidi-font-family:&amp;amp;amp;amp;amp;amp;amp;quot;Times New Roman&amp;amp;amp;amp;amp;amp;amp;quot;;}
@page Section1
	{size:8.5in 11.0in;
	margin:1.0in 1.25in 1.0in 1.25in;
	mso-header-margin:.5in;
	mso-footer-margin:.5in;
	mso-paper-source:0;}
div.Section1
	{page:Section1;}
--&amp;amp;amp;amp;amp;amp;amp;gt;
]]></style>
		<p>
		</p>
		<style><![CDATA[
&lt;!--
 /* Font Definitions */
@font-face
	{font-family:Arial;
	panose-1:2 11 6 4 2 2 2 2 2 4;
	mso-font-charset:0;
	mso-generic-font-family:auto;
	mso-font-pitch:variable;
	mso-font-signature:3 0 0 0 1 0;}
@font-face
	{font-family:Calibri;
	panose-1:2 15 5 2 2 2 4 3 2 4;
	mso-font-charset:0;
	mso-generic-font-family:auto;
	mso-font-pitch:variable;
	mso-font-signature:3 0 0 0 1 0;}
 /* Style Definitions */
p.MsoNormal, li.MsoNormal, div.MsoNormal
	{mso-style-parent:&quot;&quot;;
	margin-top:0in;
	margin-right:0in;
	margin-bottom:10.0pt;
	margin-left:0in;
	line-height:115%;
	mso-pagination:widow-orphan;
	font-size:11.0pt;
	font-family:&quot;Times New Roman&quot;;
	mso-ascii-font-family:Calibri;
	mso-ascii-theme-font:minor-latin;
	mso-fareast-font-family:Calibri;
	mso-fareast-theme-font:minor-latin;
	mso-hansi-font-family:Calibri;
	mso-hansi-theme-font:minor-latin;
	mso-bidi-font-family:&quot;Times New Roman&quot;;
	mso-bidi-theme-font:minor-bidi;}
@page Section1
	{size:8.5in 11.0in;
	margin:1.0in 1.25in 1.0in 1.25in;
	mso-header-margin:.5in;
	mso-footer-margin:.5in;
	mso-paper-source:0;}
div.Section1
	{page:Section1;}
--&gt;]]></style>
The STFM Board of Directors implemented a strategic planning process in 2011 to develop a 3-year plan and a process for utilization, measurement, updating, adding new and sun setting old programs. This was developed through extensive discussions by the Strategic Planning Committee, interviews of the Committee members, non-members and members-at-large; focus groups conducted at the annual meeting; and a member needs survey. 
<p>This research resulted in five key priority areas for the STFM over the next 3 years. The plan should not and will not outline every tactic but will provide broad goals and strategies in which the programs of the organization will be considered. It is essential to the success of this plan that the organization has a strong infrastructure – governance, staff, communications plan, and facilities – in place to implement the plan. Also inherent in this plan is the belief that the Society supports diversity of faculty, including discipline, race, gender, and sexual orientation in the strategies we will use to address these priorities. While infrastructure and diversity are not listed as separate goals, it is recognized that they are major components for operationalizing this plan. </p><h4><a href="http://www.stfm.org/about/StrategicPlan.cfm">View the Strategic Plan</a></h4>', '', '8/22/2012 10:45:38 AM')
SUCCESS - 8/22/2012 10:59:30 AM Method: CheckLoginCredentials. System.Security.Principal.WindowsPrincipal successfully authenticated: 8/22/2012 10:59:30 AM
SUCCESS - 8/22/2012 10:59:46 AM Method: PublishContent. 5 successfully published: 8/22/2012 10:59:46 AM
SUCCESS - 8/22/2012 11:00:25 AM Method: CheckLoginCredentials. System.Security.Principal.WindowsPrincipal successfully authenticated: 8/22/2012 11:00:25 AM
SUCCESS - 8/22/2012 11:18:18 AM Method: CheckLoginCredentials. System.Security.Principal.WindowsPrincipal successfully authenticated: 8/22/2012 11:18:18 AM
Oh Yes!  SUCCESS - 8/22/2012 11:18:34 AM Method: SavePageContent. Test1.aspx content was successfully saved: 8/22/2012 11:18:34 AM SQL: insert into ContentMeta (ContentID, DateCreated, CreatedBy, MetaDescriptorID) Values (6, '8/22/2012 11:18:34 AM', 'admin', '1')
SUCCESS - 8/22/2012 11:18:36 AM Method: PublishContent. 6 successfully published: 8/22/2012 11:18:36 AM
SUCCESS - 8/22/2012 2:25:13 PM Method: CheckLoginCredentials. System.Security.Principal.WindowsPrincipal successfully authenticated: 8/22/2012 2:25:13 PM
SUCCESS - 8/22/2012 2:26:09 PM Method: CreateContentPageMeta. C:\Users\Gil\Documents\Visual Studio 2010\Projects\STFMPlatformTransition\STFMPlatformTransition\Content\Test2.aspx successfully created: 8/22/2012 2:26:09 PM
SUCCESS - 8/22/2012 2:26:12 PM Method: CreateContentPage. Test2.aspx successfully created: 8/22/2012 2:26:12 PM
SUCCESS - 8/22/2012 2:26:16 PM Method: FillContentObject. System.Security.Principal.WindowsPrincipal successfully completed: 8/22/2012 2:26:16 PM
SUCCESS - 8/22/2012 2:36:55 PM Method: CheckLoginCredentials. System.Security.Principal.WindowsPrincipal successfully authenticated: 8/22/2012 2:36:55 PM
SUCCESS - 8/22/2012 2:37:59 PM Method: CheckLoginCredentials. System.Security.Principal.WindowsPrincipal successfully authenticated: 8/22/2012 2:37:59 PM
SUCCESS - 8/22/2012 2:39:08 PM Method: CreateContentPageMeta. C:\Users\Gil\Documents\Visual Studio 2010\Projects\STFMPlatformTransition\STFMPlatformTransition\Content\AboutUs.aspx successfully created: 8/22/2012 2:39:08 PM
SUCCESS - 8/22/2012 2:39:12 PM Method: CreateContentPage. AboutUs.aspx successfully created: 8/22/2012 2:39:12 PM
SUCCESS - 8/22/2012 2:39:17 PM Method: FillContentObject. System.Security.Principal.WindowsPrincipal successfully completed: 8/22/2012 2:39:17 PM
Oh Yes!  SUCCESS - 8/22/2012 2:40:42 PM Method: SavePageContent. AboutUs.aspx content was successfully saved: 8/22/2012 2:40:42 PM SQL: insert into ContentMeta (ContentID, DateCreated, CreatedBy, MetaDescriptorID) Values (7, '8/22/2012 2:40:42 PM', 'admin', '1')
Oh Yes!  SUCCESS - 8/22/2012 2:40:56 PM Method: SavePageContent. AboutUs.aspx content was successfully saved: 8/22/2012 2:40:56 PM SQL: insert into STFMContentHistory (ContentMetaID, Section, Page, Placement, Content, UserID, DateCreated) Values (72, 'AboutUs', 'AboutUs', '1', '<a href="AboutUs.aspx">About Us</a>', '', '8/22/2012 2:40:56 PM')
Oh Yes!  SUCCESS - 8/22/2012 2:42:14 PM Method: SavePageContent. AboutUs.aspx content was successfully saved: 8/22/2012 2:42:14 PM SQL: insert into STFMContentHistory (ContentMetaID, Section, Page, Placement, Content, UserID, DateCreated) Values (73, 'AboutUs', 'AboutUs', '1', '', '', '8/22/2012 2:42:14 PM')
SUCCESS - 8/22/2012 2:42:33 PM Method: CheckLoginCredentials. System.Security.Principal.WindowsPrincipal successfully authenticated: 8/22/2012 2:42:33 PM
SUCCESS - 8/22/2012 2:44:07 PM Method: CreateContentPageMeta. C:\Users\Gil\Documents\Visual Studio 2010\Projects\STFMPlatformTransition\STFMPlatformTransition\Content\test.aspx successfully created: 8/22/2012 2:44:07 PM
SUCCESS - 8/22/2012 2:44:10 PM Method: CreateContentPage. test.aspx successfully created: 8/22/2012 2:44:10 PM
SUCCESS - 8/22/2012 2:44:13 PM Method: FillContentObject. System.Security.Principal.WindowsPrincipal successfully completed: 8/22/2012 2:44:13 PM
SUCCESS - 8/22/2012 3:11:58 PM Method: CheckLoginCredentials. System.Security.Principal.WindowsPrincipal successfully authenticated: 8/22/2012 3:11:58 PM
SUCCESS - 8/22/2012 3:12:20 PM Method: CreateContentPageMeta. C:\Users\Gil\Documents\Visual Studio 2010\Projects\STFMPlatformTransition\STFMPlatformTransition\Content\test2.aspx successfully created: 8/22/2012 3:12:20 PM
SUCCESS - 8/22/2012 3:12:20 PM Method: CreateContentPage. test2.aspx successfully created: 8/22/2012 3:12:20 PM
SUCCESS - 8/22/2012 3:12:20 PM Method: FillContentObject. System.Security.Principal.WindowsPrincipal successfully completed: 8/22/2012 3:12:20 PM
Oh Yes!  SUCCESS - 8/22/2012 3:17:25 PM Method: SavePageContent. test2.aspx content was successfully saved: 8/22/2012 3:17:25 PM SQL: insert into ContentMeta (ContentID, DateCreated, CreatedBy, MetaDescriptorID) Values (8, '8/22/2012 3:14:59 PM', 'admin', '1')
SUCCESS - 8/22/2012 5:44:41 PM Method: CheckLoginCredentials. System.Security.Principal.WindowsPrincipal successfully authenticated: 8/22/2012 5:44:41 PM
SUCCESS - 8/22/2012 5:44:57 PM Method: CreateContentPageMeta. C:\Users\Gil\Documents\Visual Studio 2010\Projects\STFMPlatformTransition\STFMPlatformTransition\Content\AboutUs.aspx successfully created: 8/22/2012 5:44:57 PM
SUCCESS - 8/22/2012 5:44:57 PM Method: CreateContentPage. AboutUs.aspx successfully created: 8/22/2012 5:44:57 PM
SUCCESS - 8/22/2012 5:44:57 PM Method: FillContentObject. System.Security.Principal.WindowsPrincipal successfully completed: 8/22/2012 5:44:57 PM
SUCCESS - 8/22/2012 5:45:02 PM Method: PublishPage. AboutUs.aspx successfully published: 8/22/2012 5:45:02 PM
Oh Yes!  SUCCESS - 8/22/2012 5:45:46 PM Method: SavePageContent. AboutUs.aspx content was successfully saved: 8/22/2012 5:45:46 PM SQL: insert into ContentMeta (ContentID, DateCreated, CreatedBy, MetaDescriptorID) Values (10, '8/22/2012 5:45:46 PM', 'admin', '1')
SUCCESS - 8/22/2012 5:45:55 PM Method: PublishContent. 18 successfully published: 8/22/2012 5:45:55 PM
SUCCESS - 8/22/2012 5:47:03 PM Method: CheckLoginCredentials. System.Security.Principal.WindowsPrincipal successfully authenticated: 8/22/2012 5:47:03 PM
Oh Yes!  SUCCESS - 8/22/2012 5:47:15 PM Method: SavePageContent. AboutUs.aspx content was successfully saved: 8/22/2012 5:47:15 PM SQL: insert into STFMContentHistory (ContentMetaID, Section, Page, Placement, Content, UserID, DateCreated) Values (77, 'About Us', 'AboutUs', '1', '<p>
				<a href="AboutUs.aspx">About Us</a>
		</p>
		<p>
				<a href="History.aspx">History</a>
		</p>', '', '8/22/2012 5:47:15 PM')
SUCCESS - 8/22/2012 5:47:19 PM Method: PublishContent. 18 successfully published: 8/22/2012 5:47:19 PM
SUCCESS - 8/22/2012 5:49:11 PM Method: PublishContent. 18 successfully published: 8/22/2012 5:49:11 PM
SUCCESS - 8/22/2012 5:50:18 PM Method: CheckLoginCredentials. System.Security.Principal.WindowsPrincipal successfully authenticated: 8/22/2012 5:50:18 PM
SUCCESS - 8/22/2012 5:50:34 PM Method: PublishContent. 10 successfully published: 8/22/2012 5:50:34 PM
