SUCCESS - 8/23/2012 7:05:55 AM Method: CheckLoginCredentials. System.Security.Principal.WindowsPrincipal successfully authenticated: 8/23/2012 7:05:55 AM
SUCCESS - 8/23/2012 7:14:54 AM Method: CheckLoginCredentials. System.Security.Principal.WindowsPrincipal successfully authenticated: 8/23/2012 7:14:54 AM
SUCCESS - 8/23/2012 7:28:37 AM Method: CheckLoginCredentials. System.Security.Principal.WindowsPrincipal successfully authenticated: 8/23/2012 7:28:37 AM
SUCCESS - 8/23/2012 7:35:47 AM Method: CheckLoginCredentials. System.Security.Principal.WindowsPrincipal successfully authenticated: 8/23/2012 7:35:47 AM
SUCCESS - 8/23/2012 7:56:13 AM Method: CheckLoginCredentials. System.Security.Principal.WindowsPrincipal successfully authenticated: 8/23/2012 7:56:13 AM
SUCCESS - 8/23/2012 7:57:38 AM Method: DeactivatePage. AboutThem successfully deactivated: 8/23/2012 7:57:38 AM
SUCCESS - 8/23/2012 8:09:46 AM Method: CheckLoginCredentials. System.Security.Principal.WindowsPrincipal successfully authenticated: 8/23/2012 8:09:46 AM
ERROR - 8/23/2012 8:10:19 AM Method: RenamePage from  to AboutUs failed: 8/23/2012 8:10:19 AM Error: Could not find file 'C:\Users\Gil\Documents\Visual Studio 2010\Projects\STFMPlatformTransition\STFMPlatformTransition\Content\.aspx'.
SUCCESS - 8/23/2012 8:11:34 AM Method: CheckLoginCredentials. System.Security.Principal.WindowsPrincipal successfully authenticated: 8/23/2012 8:11:34 AM
ERROR - 8/23/2012 8:12:05 AM Method: RenamePage from  to AboutUs failed: 8/23/2012 8:12:05 AM Error: Could not find file 'C:\Users\Gil\Documents\Visual Studio 2010\Projects\STFMPlatformTransition\STFMPlatformTransition\Content\.aspx'.
SUCCESS - 8/23/2012 8:15:24 AM Method: CheckLoginCredentials. System.Security.Principal.WindowsPrincipal successfully authenticated: 8/23/2012 8:15:24 AM
SUCCESS - 8/23/2012 8:26:48 AM Method: CheckLoginCredentials. System.Security.Principal.WindowsPrincipal successfully authenticated: 8/23/2012 8:26:48 AM
SUCCESS - 8/23/2012 8:27:05 AM Method: CreateContentPageMeta. C:\Users\Gil\Documents\Visual Studio 2010\Projects\STFMPlatformTransition\STFMPlatformTransition\Content\AboutUs.aspx successfully created: 8/23/2012 8:27:05 AM
SUCCESS - 8/23/2012 8:27:05 AM Method: CreateContentPage. AboutUs.aspx successfully created: 8/23/2012 8:27:05 AM
SUCCESS - 8/23/2012 8:27:05 AM Method: FillContentObject. System.Security.Principal.WindowsPrincipal successfully completed: 8/23/2012 8:27:05 AM
SUCCESS - 8/23/2012 8:27:17 AM Method: DeletePage. Page  successfully deleted: 8/23/2012 8:27:17 AM
SUCCESS - 8/23/2012 11:49:46 AM Method: CheckLoginCredentials. System.Security.Principal.WindowsPrincipal successfully authenticated: 8/23/2012 11:49:46 AM
ERROR - 8/23/2012 11:51:24 AM Method: CreateContentPage. C:\Users\Gil\Documents\Visual Studio 2010\Projects\STFMPlatformTransition\STFMPlatformTransition\Content\AboutUs.aspx failed: 8/23/2012 11:51:24 AM Error: The file 'C:\Users\Gil\Documents\Visual Studio 2010\Projects\STFMPlatformTransition\STFMPlatformTransition\Content\AboutUs.aspx' already exists.
SUCCESS - 8/23/2012 11:51:24 AM Method: DeleteContentPage. C:\Users\Gil\Documents\Visual Studio 2010\Projects\STFMPlatformTransition\STFMPlatformTransition\Content\AboutUs.aspx successfully deleted: 8/23/2012 11:51:24 AM
SUCCESS - 8/23/2012 11:51:24 AM Method: CreateContentPage=>DeleteContentPage. C:\Users\Gil\Documents\Visual Studio 2010\Projects\STFMPlatformTransition\STFMPlatformTransition\Content\AboutUs.aspx successfully deleted: 8/23/2012 11:51:24 AM
SUCCESS - 8/23/2012 11:51:24 AM Method: CreateContentPage. AboutUs.aspx successfully created: 8/23/2012 11:51:24 AM
SUCCESS - 8/23/2012 11:51:24 AM Method: FillContentObject. System.Security.Principal.WindowsPrincipal successfully completed: 8/23/2012 11:51:24 AM
SUCCESS - 8/23/2012 11:52:01 AM Method: CheckLoginCredentials. System.Security.Principal.WindowsPrincipal successfully authenticated: 8/23/2012 11:52:01 AM
SUCCESS - 8/23/2012 11:52:19 AM Method: CreateContentPageMeta. C:\Users\Gil\Documents\Visual Studio 2010\Projects\STFMPlatformTransition\STFMPlatformTransition\Content\AboutUs.aspx successfully created: 8/23/2012 11:52:19 AM
SUCCESS - 8/23/2012 11:52:19 AM Method: CreateContentPage. AboutUs.aspx successfully created: 8/23/2012 11:52:19 AM
SUCCESS - 8/23/2012 11:52:19 AM Method: FillContentObject. System.Security.Principal.WindowsPrincipal successfully completed: 8/23/2012 11:52:19 AM
SUCCESS - 8/23/2012 1:24:51 PM Method: CheckLoginCredentials. System.Security.Principal.WindowsPrincipal successfully authenticated: 8/23/2012 1:24:51 PM
SUCCESS - 8/23/2012 1:27:01 PM Method: CreateContentPageMeta. C:\Users\Gil\Documents\Visual Studio 2010\Projects\STFMPlatformTransition\STFMPlatformTransition\Content\AboutUs.aspx successfully created: 8/23/2012 1:27:01 PM
SUCCESS - 8/23/2012 1:27:01 PM Method: CreateContentPage. AboutUs.aspx successfully created: 8/23/2012 1:27:01 PM
SUCCESS - 8/23/2012 1:27:01 PM Method: FillContentObject. System.Security.Principal.WindowsPrincipal successfully completed: 8/23/2012 1:27:01 PM
SUCCESS - 8/23/2012 1:42:17 PM Method: CheckLoginCredentials. System.Security.Principal.WindowsPrincipal successfully authenticated: 8/23/2012 1:42:17 PM
SUCCESS - 8/23/2012 1:42:46 PM Method: CreateContentPageMeta. C:\Users\Gil\Documents\Visual Studio 2010\Projects\STFMPlatformTransition\STFMPlatformTransition\Content\AboutUs.aspx successfully created: 8/23/2012 1:42:46 PM
SUCCESS - 8/23/2012 1:42:46 PM Method: CreateContentPage. AboutUs.aspx successfully created: 8/23/2012 1:42:46 PM
SUCCESS - 8/23/2012 1:42:46 PM Method: FillContentObject. System.Security.Principal.WindowsPrincipal successfully completed: 8/23/2012 1:42:46 PM
SUCCESS - 8/23/2012 1:45:40 PM Method: CheckLoginCredentials. System.Security.Principal.WindowsPrincipal successfully authenticated: 8/23/2012 1:45:40 PM
SUCCESS - 8/23/2012 1:46:30 PM Method: CreateContentPageMeta. C:\Users\Gil\Documents\Visual Studio 2010\Projects\STFMPlatformTransition\STFMPlatformTransition\Content\AboutUs.aspx successfully created: 8/23/2012 1:46:30 PM
SUCCESS - 8/23/2012 1:46:34 PM Method: CreateContentPage. AboutUs.aspx successfully created: 8/23/2012 1:46:34 PM
SUCCESS - 8/23/2012 1:46:38 PM Method: FillContentObject. System.Security.Principal.WindowsPrincipal successfully completed: 8/23/2012 1:46:38 PM
SUCCESS - 8/23/2012 1:52:18 PM Method: CheckLoginCredentials. System.Security.Principal.WindowsPrincipal successfully authenticated: 8/23/2012 1:52:18 PM
SUCCESS - 8/23/2012 1:52:56 PM Method: CreateContentPageMeta. C:\Users\Gil\Documents\Visual Studio 2010\Projects\STFMPlatformTransition\STFMPlatformTransition\Content\AboutUs.aspx successfully created: 8/23/2012 1:52:56 PM
SUCCESS - 8/23/2012 1:52:56 PM Method: CreateContentPage. AboutUs.aspx successfully created: 8/23/2012 1:52:56 PM
SUCCESS - 8/23/2012 1:52:58 PM Method: FillContentObject. System.Security.Principal.WindowsPrincipal successfully completed: 8/23/2012 1:52:58 PM
SUCCESS - 8/23/2012 1:56:00 PM Method: CheckLoginCredentials. System.Security.Principal.WindowsPrincipal successfully authenticated: 8/23/2012 1:56:00 PM
ERROR - 8/23/2012 1:56:17 PM Method: CreateContentPage. C:\Users\Gil\Documents\Visual Studio 2010\Projects\STFMPlatformTransition\STFMPlatformTransition\Content\AboutUs.aspx failed: 8/23/2012 1:56:17 PM Error: The file 'C:\Users\Gil\Documents\Visual Studio 2010\Projects\STFMPlatformTransition\STFMPlatformTransition\Content\AboutUs.aspx' already exists.
SUCCESS - 8/23/2012 1:56:17 PM Method: DeleteContentPage. C:\Users\Gil\Documents\Visual Studio 2010\Projects\STFMPlatformTransition\STFMPlatformTransition\Content\AboutUs.aspx successfully deleted: 8/23/2012 1:56:17 PM
SUCCESS - 8/23/2012 1:56:17 PM Method: CreateContentPage=>DeleteContentPage. C:\Users\Gil\Documents\Visual Studio 2010\Projects\STFMPlatformTransition\STFMPlatformTransition\Content\AboutUs.aspx successfully deleted: 8/23/2012 1:56:17 PM
SUCCESS - 8/23/2012 1:56:17 PM Method: CreateContentPage. AboutUs.aspx successfully created: 8/23/2012 1:56:17 PM
SUCCESS - 8/23/2012 1:56:17 PM Method: FillContentObject. System.Security.Principal.WindowsPrincipal successfully completed: 8/23/2012 1:56:17 PM
SUCCESS - 8/23/2012 1:59:38 PM Method: CheckLoginCredentials. System.Security.Principal.WindowsPrincipal successfully authenticated: 8/23/2012 1:59:38 PM
SUCCESS - 8/23/2012 1:59:54 PM Method: CreateContentPageMeta. C:\Users\Gil\Documents\Visual Studio 2010\Projects\STFMPlatformTransition\STFMPlatformTransition\Content\AboutUs.aspx successfully created: 8/23/2012 1:59:54 PM
SUCCESS - 8/23/2012 1:59:54 PM Method: CreateContentPage. AboutUs.aspx successfully created: 8/23/2012 1:59:54 PM
SUCCESS - 8/23/2012 1:59:54 PM Method: FillContentObject. System.Security.Principal.WindowsPrincipal successfully completed: 8/23/2012 1:59:54 PM
ERROR - 8/23/2012 2:00:14 PM Method: CreateContentPage. C:\Users\Gil\Documents\Visual Studio 2010\Projects\STFMPlatformTransition\STFMPlatformTransition\Content\AboutUs.aspx failed: 8/23/2012 2:00:14 PM Error: The file 'C:\Users\Gil\Documents\Visual Studio 2010\Projects\STFMPlatformTransition\STFMPlatformTransition\Content\AboutUs.aspx' already exists.
SUCCESS - 8/23/2012 2:00:14 PM Method: DeleteContentPage. C:\Users\Gil\Documents\Visual Studio 2010\Projects\STFMPlatformTransition\STFMPlatformTransition\Content\AboutUs.aspx successfully deleted: 8/23/2012 2:00:14 PM
SUCCESS - 8/23/2012 2:00:14 PM Method: CreateContentPage=>DeleteContentPage. C:\Users\Gil\Documents\Visual Studio 2010\Projects\STFMPlatformTransition\STFMPlatformTransition\Content\AboutUs.aspx successfully deleted: 8/23/2012 2:00:14 PM
SUCCESS - 8/23/2012 2:00:14 PM Method: CreateContentPage. AboutUs.aspx successfully created: 8/23/2012 2:00:14 PM
SUCCESS - 8/23/2012 2:00:14 PM Method: FillContentObject. System.Security.Principal.WindowsPrincipal successfully completed: 8/23/2012 2:00:14 PM
SUCCESS - 8/23/2012 2:02:20 PM Method: CheckLoginCredentials. System.Security.Principal.WindowsPrincipal successfully authenticated: 8/23/2012 2:02:20 PM
SUCCESS - 8/23/2012 2:02:36 PM Method: CreateContentPageMeta. C:\Users\Gil\Documents\Visual Studio 2010\Projects\STFMPlatformTransition\STFMPlatformTransition\Content\AboutUs.aspx successfully created: 8/23/2012 2:02:36 PM
SUCCESS - 8/23/2012 2:02:36 PM Method: CreateContentPage. AboutUs.aspx successfully created: 8/23/2012 2:02:36 PM
SUCCESS - 8/23/2012 2:02:36 PM Method: FillContentObject. System.Security.Principal.WindowsPrincipal successfully completed: 8/23/2012 2:02:36 PM
ERROR - 8/23/2012 2:03:03 PM Method: CreateContentPage. C:\Users\Gil\Documents\Visual Studio 2010\Projects\STFMPlatformTransition\STFMPlatformTransition\Content\AboutUs.aspx failed: 8/23/2012 2:03:03 PM Error: The file 'C:\Users\Gil\Documents\Visual Studio 2010\Projects\STFMPlatformTransition\STFMPlatformTransition\Content\AboutUs.aspx' already exists.
SUCCESS - 8/23/2012 2:03:22 PM Method: DeleteContentPage. C:\Users\Gil\Documents\Visual Studio 2010\Projects\STFMPlatformTransition\STFMPlatformTransition\Content\AboutUs.aspx successfully deleted: 8/23/2012 2:03:22 PM
SUCCESS - 8/23/2012 2:03:22 PM Method: CreateContentPage=>DeleteContentPage. C:\Users\Gil\Documents\Visual Studio 2010\Projects\STFMPlatformTransition\STFMPlatformTransition\Content\AboutUs.aspx successfully deleted: 8/23/2012 2:03:22 PM
SUCCESS - 8/23/2012 2:03:22 PM Method: CreateContentPage. AboutUs.aspx successfully created: 8/23/2012 2:03:22 PM
SUCCESS - 8/23/2012 2:03:22 PM Method: FillContentObject. System.Security.Principal.WindowsPrincipal successfully completed: 8/23/2012 2:03:22 PM
SUCCESS - 8/23/2012 2:05:11 PM Method: CheckLoginCredentials. System.Security.Principal.WindowsPrincipal successfully authenticated: 8/23/2012 2:05:11 PM
SUCCESS - 8/23/2012 2:05:24 PM Method: CreateContentPageMeta. C:\Users\Gil\Documents\Visual Studio 2010\Projects\STFMPlatformTransition\STFMPlatformTransition\Content\AboutUs.aspx successfully created: 8/23/2012 2:05:24 PM
SUCCESS - 8/23/2012 2:05:24 PM Method: CreateContentPage. AboutUs.aspx successfully created: 8/23/2012 2:05:24 PM
SUCCESS - 8/23/2012 2:05:24 PM Method: FillContentObject. System.Security.Principal.WindowsPrincipal successfully completed: 8/23/2012 2:05:24 PM
ERROR - 8/23/2012 2:05:47 PM Method: CreateContentPage. C:\Users\Gil\Documents\Visual Studio 2010\Projects\STFMPlatformTransition\STFMPlatformTransition\Content\AboutUs.aspx failed: 8/23/2012 2:05:47 PM Error: The file 'C:\Users\Gil\Documents\Visual Studio 2010\Projects\STFMPlatformTransition\STFMPlatformTransition\Content\AboutUs.aspx' already exists.
SUCCESS - 8/23/2012 2:06:00 PM Method: CreateContentPage. AboutUs.aspx successfully created: 8/23/2012 2:06:00 PM
SUCCESS - 8/23/2012 2:06:34 PM Method: FillContentObject. System.Security.Principal.WindowsPrincipal successfully completed: 8/23/2012 2:06:34 PM
SUCCESS - 8/23/2012 2:33:34 PM Method: CheckLoginCredentials. System.Security.Principal.WindowsPrincipal successfully authenticated: 8/23/2012 2:33:34 PM
SUCCESS - 8/23/2012 2:33:49 PM Method: CreateContentPageMeta. C:\Users\Gil\Documents\Visual Studio 2010\Projects\STFMPlatformTransition\STFMPlatformTransition\Content\AboutUs.aspx successfully created: 8/23/2012 2:33:49 PM
SUCCESS - 8/23/2012 2:33:49 PM Method: CreateContentPage. AboutUs.aspx successfully created: 8/23/2012 2:33:49 PM
SUCCESS - 8/23/2012 2:33:49 PM Method: FillContentObject. System.Security.Principal.WindowsPrincipal successfully completed: 8/23/2012 2:33:49 PM
Oh Yes!  SUCCESS - 8/23/2012 2:34:12 PM Method: SavePageContent. AboutUs.aspx content was successfully saved: 8/23/2012 2:34:12 PM SQL: insert into ContentMeta (ContentID, DateCreated, CreatedBy, MetaDescriptorID) Values (2, '8/23/2012 2:34:12 PM', 'admin', '1')
SUCCESS - 8/23/2012 2:35:13 PM Method: CheckLoginCredentials. System.Security.Principal.WindowsPrincipal successfully authenticated: 8/23/2012 2:35:13 PM
SUCCESS - 8/23/2012 2:35:39 PM Method: CheckLoginCredentials. System.Security.Principal.WindowsPrincipal successfully authenticated: 8/23/2012 2:35:39 PM
SUCCESS - 8/23/2012 2:48:02 PM Method: CheckLoginCredentials. System.Security.Principal.WindowsPrincipal successfully authenticated: 8/23/2012 2:48:02 PM
SUCCESS - 8/23/2012 2:48:20 PM Method: CreateContentPageMeta. C:\Users\Gil\Documents\Visual Studio 2010\Projects\STFMPlatformTransition\STFMPlatformTransition\Content\AboutUs.aspx successfully created: 8/23/2012 2:48:20 PM
SUCCESS - 8/23/2012 2:48:20 PM Method: CreateContentPage. AboutUs.aspx successfully created: 8/23/2012 2:48:20 PM
SUCCESS - 8/23/2012 2:48:20 PM Method: FillContentObject. System.Security.Principal.WindowsPrincipal successfully completed: 8/23/2012 2:48:20 PM
SUCCESS - 8/23/2012 2:57:41 PM Method: CheckLoginCredentials. System.Security.Principal.WindowsPrincipal successfully authenticated: 8/23/2012 2:57:41 PM
SUCCESS - 8/23/2012 2:57:58 PM Method: PublishPage. AboutUs.aspx successfully published: 8/23/2012 2:57:58 PM
SUCCESS - 8/23/2012 2:58:25 PM Method: CheckLoginCredentials. System.Security.Principal.WindowsPrincipal successfully authenticated: 8/23/2012 2:58:25 PM
SUCCESS - 8/23/2012 2:58:45 PM Method: CheckLoginCredentials. System.Security.Principal.WindowsPrincipal successfully authenticated: 8/23/2012 2:58:45 PM
SUCCESS - 8/23/2012 3:00:29 PM Method: CheckLoginCredentials. System.Security.Principal.WindowsPrincipal successfully authenticated: 8/23/2012 3:00:29 PM
Oh Yes!  SUCCESS - 8/23/2012 3:00:51 PM Method: SavePageContent. AboutUs.aspx content was successfully saved: 8/23/2012 3:00:51 PM SQL: insert into ContentMeta (ContentID, DateCreated, CreatedBy, MetaDescriptorID) Values (3, '8/23/2012 3:00:51 PM', 'admin', '1')
SUCCESS - 8/23/2012 3:01:19 PM Method: CheckLoginCredentials. System.Security.Principal.WindowsPrincipal successfully authenticated: 8/23/2012 3:01:19 PM
SUCCESS - 8/23/2012 3:01:41 PM Method: CreateContentPageMeta. C:\Users\Gil\Documents\Visual Studio 2010\Projects\STFMPlatformTransition\STFMPlatformTransition\Content\History.aspx successfully created: 8/23/2012 3:01:41 PM
SUCCESS - 8/23/2012 3:01:41 PM Method: CreateContentPage. History.aspx successfully created: 8/23/2012 3:01:41 PM
SUCCESS - 8/23/2012 3:01:41 PM Method: FillContentObject. System.Security.Principal.WindowsPrincipal successfully completed: 8/23/2012 3:01:41 PM
SUCCESS - 8/23/2012 3:05:09 PM Method: CheckLoginCredentials. System.Security.Principal.WindowsPrincipal successfully authenticated: 8/23/2012 3:05:09 PM
SUCCESS - 8/23/2012 3:07:07 PM Method: CheckLoginCredentials. System.Security.Principal.WindowsPrincipal successfully authenticated: 8/23/2012 3:07:07 PM
SUCCESS - 8/23/2012 3:08:44 PM Method: CheckLoginCredentials. System.Security.Principal.WindowsPrincipal successfully authenticated: 8/23/2012 3:08:44 PM
SUCCESS - 8/23/2012 3:10:50 PM Method: CheckLoginCredentials. System.Security.Principal.WindowsPrincipal successfully authenticated: 8/23/2012 3:10:50 PM
SUCCESS - 8/23/2012 3:12:01 PM Method: CheckLoginCredentials. System.Security.Principal.WindowsPrincipal successfully authenticated: 8/23/2012 3:12:01 PM
SUCCESS - 8/23/2012 3:14:42 PM Method: CheckLoginCredentials. System.Security.Principal.WindowsPrincipal successfully authenticated: 8/23/2012 3:14:42 PM
SUCCESS - 8/23/2012 3:18:13 PM Method: CheckLoginCredentials. System.Security.Principal.WindowsPrincipal successfully authenticated: 8/23/2012 3:18:13 PM
SUCCESS - 8/23/2012 4:28:29 PM Method: CheckLoginCredentials. System.Security.Principal.WindowsPrincipal successfully authenticated: 8/23/2012 4:28:29 PM
ERROR - 8/23/2012 4:28:54 PM Method: CreateContentPage. C:\Users\Gil\Documents\Visual Studio 2010\Projects\STFMPlatformTransition\STFMPlatformTransition\Content\AboutUs.aspx failed: 8/23/2012 4:28:54 PM Error: The file 'C:\Users\Gil\Documents\Visual Studio 2010\Projects\STFMPlatformTransition\STFMPlatformTransition\Content\AboutUs.aspx' already exists.
SUCCESS - 8/23/2012 4:28:54 PM Method: CreateContentPage. AboutUs.aspx successfully created: 8/23/2012 4:28:54 PM
SUCCESS - 8/23/2012 4:28:54 PM Method: FillContentObject. System.Security.Principal.WindowsPrincipal successfully completed: 8/23/2012 4:28:54 PM
SUCCESS - 8/23/2012 4:33:39 PM Method: CheckLoginCredentials. System.Security.Principal.WindowsPrincipal successfully authenticated: 8/23/2012 4:33:39 PM
SUCCESS - 8/23/2012 4:48:58 PM Method: CreateContentPageMeta. C:\Users\Gil\Documents\Visual Studio 2010\Projects\STFMPlatformTransition\STFMPlatformTransition\Content\AboutUs.aspx successfully created: 8/23/2012 4:48:58 PM
SUCCESS - 8/23/2012 4:48:58 PM Method: CreateContentPage. AboutUs.aspx successfully created: 8/23/2012 4:48:58 PM
SUCCESS - 8/23/2012 4:48:58 PM Method: FillContentObject. System.Security.Principal.WindowsPrincipal successfully completed: 8/23/2012 4:48:58 PM
Oh Yes!  SUCCESS - 8/23/2012 4:49:18 PM Method: SavePageContent. AboutUs.aspx content was successfully saved: 8/23/2012 4:49:18 PM SQL: insert into ContentMeta (ContentID, DateCreated, CreatedBy, MetaDescriptorID) Values (4, '8/23/2012 4:49:18 PM', 'admin', '1')
SUCCESS - 8/23/2012 4:49:20 PM Method: PublishContent. 31 successfully published: 8/23/2012 4:49:20 PM
SUCCESS - 8/23/2012 4:49:22 PM Method: PublishPage. AboutUs.aspx successfully published: 8/23/2012 4:49:22 PM
SUCCESS - 8/23/2012 4:49:50 PM Method: CheckLoginCredentials. System.Security.Principal.WindowsPrincipal successfully authenticated: 8/23/2012 4:49:50 PM
SUCCESS - 8/23/2012 4:50:03 PM Method: CreateContentPageMeta. C:\Users\Gil\Documents\Visual Studio 2010\Projects\STFMPlatformTransition\STFMPlatformTransition\Content\History.aspx successfully created: 8/23/2012 4:50:03 PM
SUCCESS - 8/23/2012 4:50:03 PM Method: CreateContentPage. History.aspx successfully created: 8/23/2012 4:50:03 PM
SUCCESS - 8/23/2012 4:50:03 PM Method: FillContentObject. System.Security.Principal.WindowsPrincipal successfully completed: 8/23/2012 4:50:03 PM
Oh Yes!  SUCCESS - 8/23/2012 4:50:27 PM Method: SavePageContent. AboutUs.aspx content was successfully saved: 8/23/2012 4:50:27 PM SQL: insert into STFMContentHistory (ContentMetaID, Section, Page, Placement, Content, UserID, DateCreated) Values (85, 'About Us', 'AboutUs', '1', '<a href="AboutUs.aspx">About Us</a>', '', '8/23/2012 4:50:27 PM')
Oh Yes!  SUCCESS - 8/23/2012 5:21:49 PM Method: SavePageContent. AboutUs.aspx content was successfully saved: 8/23/2012 5:21:49 PM SQL: insert into STFMContentHistory (ContentMetaID, Section, Page, Placement, Content, UserID, DateCreated) Values (86, 'About Us', 'AboutUs', '1', '<a href="AboutUs.aspx">About Us</a>', '', '8/23/2012 5:21:44 PM')
Oh Yes!  SUCCESS - 8/23/2012 5:24:18 PM Method: SavePageContent. AboutUs.aspx content was successfully saved: 8/23/2012 5:24:18 PM SQL: insert into STFMContentHistory (ContentMetaID, Section, Page, Placement, Content, UserID, DateCreated) Values (87, 'About Us', 'AboutUs', '1', '<a href="AboutUs.aspx">About Us</a>', '', '8/23/2012 5:24:14 PM')
