SUCCESS - 8/27/2012 7:30:20 AM Method: CheckLoginCredentials. System.Security.Principal.WindowsPrincipal successfully authenticated: 8/27/2012 7:30:20 AM
SUCCESS - 8/27/2012 7:31:43 AM Method: RenamePage. Page successfully renamed from  to STFMHistory2: 8/27/2012 7:31:43 AM
SUCCESS - 8/27/2012 7:55:41 AM Method: CheckLoginCredentials. System.Security.Principal.WindowsPrincipal successfully authenticated: 8/27/2012 7:55:41 AM
ERROR - 8/27/2012 7:56:08 AM Method: CreateContentPage. C:\Users\Gil\Documents\Visual Studio 2010\Projects\STFMPlatformTransition\STFMPlatformTransition\Content\AboutUs.aspx failed: 8/27/2012 7:56:08 AM Error: Invalid column name 'DateCreated'.
Invalid column name 'CreatedBy'.
SUCCESS - 8/27/2012 7:56:08 AM Method: DeleteContentPage. C:\Users\Gil\Documents\Visual Studio 2010\Projects\STFMPlatformTransition\STFMPlatformTransition\Content\AboutUs.aspx successfully deleted: 8/27/2012 7:56:08 AM
SUCCESS - 8/27/2012 7:56:08 AM Method: CreateContentPage=>DeleteContentPage. C:\Users\Gil\Documents\Visual Studio 2010\Projects\STFMPlatformTransition\STFMPlatformTransition\Content\AboutUs.aspx successfully deleted: 8/27/2012 7:56:08 AM
SUCCESS - 8/27/2012 7:56:08 AM Method: CreateContentPage. AboutUs.aspx successfully created: 8/27/2012 7:56:08 AM
SUCCESS - 8/27/2012 7:56:08 AM Method: FillContentObject. System.Security.Principal.WindowsPrincipal successfully completed: 8/27/2012 7:56:08 AM
SUCCESS - 8/27/2012 7:59:05 AM Method: CheckLoginCredentials. System.Security.Principal.WindowsPrincipal successfully authenticated: 8/27/2012 7:59:05 AM
SUCCESS - 8/27/2012 7:59:16 AM Method: CreateContentPageMeta. C:\Users\Gil\Documents\Visual Studio 2010\Projects\STFMPlatformTransition\STFMPlatformTransition\Content\AboutUs.aspx successfully created: 8/27/2012 7:59:16 AM
SUCCESS - 8/27/2012 7:59:16 AM Method: CreateContentPage. AboutUs.aspx successfully created: 8/27/2012 7:59:16 AM
SUCCESS - 8/27/2012 7:59:16 AM Method: FillContentObject. System.Security.Principal.WindowsPrincipal successfully completed: 8/27/2012 7:59:16 AM
Oh Yes!  SUCCESS - 8/27/2012 8:00:06 AM Method: SavePageContent. AboutUs.aspx content was successfully saved: 8/27/2012 8:00:06 AM SQL: insert into ContentMeta (ContentID, DateCreated, CreatedBy, MetaDescriptorID) Values (6, '8/27/2012 8:00:06 AM', 'admin', '1')
SUCCESS - 8/27/2012 8:00:10 AM Method: PublishContent. 6 successfully published: 8/27/2012 8:00:10 AM
SUCCESS - 8/27/2012 8:00:12 AM Method: PublishPage. AboutUs.aspx successfully published: 8/27/2012 8:00:12 AM
SUCCESS - 8/27/2012 8:00:43 AM Method: CreateContentPageMeta. C:\Users\Gil\Documents\Visual Studio 2010\Projects\STFMPlatformTransition\STFMPlatformTransition\Content\Governance.aspx successfully created: 8/27/2012 8:00:43 AM
SUCCESS - 8/27/2012 8:00:43 AM Method: CreateContentPage. Governance.aspx successfully created: 8/27/2012 8:00:43 AM
SUCCESS - 8/27/2012 8:00:43 AM Method: FillContentObject. System.Security.Principal.WindowsPrincipal successfully completed: 8/27/2012 8:00:43 AM
SUCCESS - 8/27/2012 8:00:50 AM Method: PublishPage. Governance.aspx successfully published: 8/27/2012 8:00:50 AM
SUCCESS - 8/27/2012 8:01:02 AM Method: CreateContentPageMeta. C:\Users\Gil\Documents\Visual Studio 2010\Projects\STFMPlatformTransition\STFMPlatformTransition\Content\History.aspx successfully created: 8/27/2012 8:01:02 AM
SUCCESS - 8/27/2012 8:01:02 AM Method: CreateContentPage. History.aspx successfully created: 8/27/2012 8:01:02 AM
SUCCESS - 8/27/2012 8:01:02 AM Method: FillContentObject. System.Security.Principal.WindowsPrincipal successfully completed: 8/27/2012 8:01:02 AM
SUCCESS - 8/27/2012 8:01:06 AM Method: PublishPage. History.aspx successfully published: 8/27/2012 8:01:06 AM
SUCCESS - 8/27/2012 8:01:29 AM Method: CreateContentPageMeta. C:\Users\Gil\Documents\Visual Studio 2010\Projects\STFMPlatformTransition\STFMPlatformTransition\Content\STFMCAFM.aspx successfully created: 8/27/2012 8:01:29 AM
SUCCESS - 8/27/2012 8:01:29 AM Method: CreateContentPage. STFMCAFM.aspx successfully created: 8/27/2012 8:01:29 AM
SUCCESS - 8/27/2012 8:01:29 AM Method: FillContentObject. System.Security.Principal.WindowsPrincipal successfully completed: 8/27/2012 8:01:29 AM
SUCCESS - 8/27/2012 8:01:32 AM Method: PublishPage. STFMCAFM.aspx successfully published: 8/27/2012 8:01:32 AM
SUCCESS - 8/27/2012 8:02:16 AM Method: PublishContent. 6 successfully published: 8/27/2012 8:02:16 AM
Oh Yes!  SUCCESS - 8/27/2012 8:02:20 AM Method: SavePageContent. AboutUs.aspx content was successfully saved: 8/27/2012 8:02:20 AM SQL: insert into STFMContentHistory (ContentMetaID, Section, Page, Placement, Content, UserID, DateCreated) Values (98, 'About Us', 'AboutUs', '1', '<p>About Us</p>
		<p>Become a Member</p>
		<p>About Family Medicine Education  </p>
		<p>Governance</p>
		<p>Strategic Plan</p>
		<p>History</p>
		<p>CAFM</p>
		<p>STFM Merchandise</p>', '', '8/27/2012 8:02:20 AM')
SUCCESS - 8/27/2012 8:02:21 AM Method: PublishContent. 6 successfully published: 8/27/2012 8:02:21 AM
SUCCESS - 8/27/2012 8:02:46 AM Method: CheckLoginCredentials. System.Security.Principal.WindowsPrincipal successfully authenticated: 8/27/2012 8:02:46 AM
SUCCESS - 8/27/2012 8:03:23 AM Method: RenamePage. Page successfully renamed from STFMCAFM to CAFM: 8/27/2012 8:03:23 AM
SUCCESS - 8/27/2012 8:05:15 AM Method: CheckLoginCredentials. System.Security.Principal.WindowsPrincipal successfully authenticated: 8/27/2012 8:05:15 AM
SUCCESS - 8/27/2012 8:05:54 AM Method: CreateContentPageMeta. C:\Users\Gil\Documents\Visual Studio 2010\Projects\STFMPlatformTransition\STFMPlatformTransition\Content\Jobs.aspx successfully created: 8/27/2012 8:05:54 AM
SUCCESS - 8/27/2012 8:05:54 AM Method: CreateContentPage. Jobs.aspx successfully created: 8/27/2012 8:05:54 AM
SUCCESS - 8/27/2012 8:05:54 AM Method: FillContentObject. System.Security.Principal.WindowsPrincipal successfully completed: 8/27/2012 8:05:54 AM
SUCCESS - 8/27/2012 8:06:12 AM Method: PublishPage. Jobs.aspx successfully published: 8/27/2012 8:06:12 AM
SUCCESS - 8/27/2012 8:06:27 AM Method: CheckLoginCredentials. System.Security.Principal.WindowsPrincipal successfully authenticated: 8/27/2012 8:06:27 AM
SUCCESS - 8/27/2012 8:06:47 AM Method: CreateContentPageMeta. C:\Users\Gil\Documents\Visual Studio 2010\Projects\STFMPlatformTransition\STFMPlatformTransition\Content\ProfessionalDevelopment.aspx successfully created: 8/27/2012 8:06:47 AM
SUCCESS - 8/27/2012 8:06:47 AM Method: CreateContentPage. ProfessionalDevelopment.aspx successfully created: 8/27/2012 8:06:47 AM
SUCCESS - 8/27/2012 8:06:47 AM Method: FillContentObject. System.Security.Principal.WindowsPrincipal successfully completed: 8/27/2012 8:06:47 AM
SUCCESS - 8/27/2012 8:06:49 AM Method: PublishPage. ProfessionalDevelopment.aspx successfully published: 8/27/2012 8:06:49 AM
SUCCESS - 8/27/2012 8:07:05 AM Method: CheckLoginCredentials. System.Security.Principal.WindowsPrincipal successfully authenticated: 8/27/2012 8:07:05 AM
Oh Yes!  SUCCESS - 8/27/2012 8:07:34 AM Method: SavePageContent. Jobs.aspx content was successfully saved: 8/27/2012 8:07:34 AM SQL: insert into ContentMeta (ContentID, DateCreated, CreatedBy, MetaDescriptorID) Values (7, '8/27/2012 8:07:34 AM', 'admin', '1')
SUCCESS - 8/27/2012 8:07:47 AM Method: CheckLoginCredentials. System.Security.Principal.WindowsPrincipal successfully authenticated: 8/27/2012 8:07:47 AM
SUCCESS - 8/27/2012 8:07:52 AM Method: PublishContent. 7 successfully published: 8/27/2012 8:07:52 AM
SUCCESS - 8/27/2012 8:08:09 AM Method: CheckLoginCredentials. System.Security.Principal.WindowsPrincipal successfully authenticated: 8/27/2012 8:08:09 AM
SUCCESS - 8/27/2012 8:10:08 AM Method: DeletePage. Page  successfully deleted: 8/27/2012 8:10:08 AM
SUCCESS - 8/27/2012 8:11:29 AM Method: CheckLoginCredentials. System.Security.Principal.WindowsPrincipal successfully authenticated: 8/27/2012 8:11:29 AM
SUCCESS - 8/27/2012 8:11:54 AM Method: DeletePage. Page  successfully deleted: 8/27/2012 8:11:54 AM
SUCCESS - 8/27/2012 8:14:41 AM Method: CheckLoginCredentials. System.Security.Principal.WindowsPrincipal successfully authenticated: 8/27/2012 8:14:41 AM
SUCCESS - 8/27/2012 8:15:08 AM Method: DeletePage. Page ProfessionalDevelopment successfully deleted: 8/27/2012 8:15:08 AM
SUCCESS - 8/27/2012 8:15:21 AM Method: DeactivatePage. Jobs successfully deactivated: 8/27/2012 8:15:21 AM
SUCCESS - 8/27/2012 10:47:34 AM Method: CheckLoginCredentials. System.Security.Principal.WindowsPrincipal successfully authenticated: 8/27/2012 10:47:34 AM
SUCCESS - 8/27/2012 10:54:50 AM Method: CheckLoginCredentials. System.Security.Principal.WindowsPrincipal successfully authenticated: 8/27/2012 10:54:50 AM
SUCCESS - 8/27/2012 10:58:27 AM Method: CreateContentPageMeta. C:\Users\Gil\Documents\Visual Studio 2010\Projects\STFMPlatformTransition\STFMPlatformTransition\Content\History.aspx successfully created: 8/27/2012 10:58:27 AM
SUCCESS - 8/27/2012 10:58:27 AM Method: CreateContentPage. History.aspx successfully created: 8/27/2012 10:58:27 AM
SUCCESS - 8/27/2012 10:58:27 AM Method: FillContentObject. System.Security.Principal.WindowsPrincipal successfully completed: 8/27/2012 10:58:27 AM
Oh Yes!  SUCCESS - 8/27/2012 10:58:40 AM Method: SavePageContent. History.aspx content was successfully saved: 8/27/2012 10:58:40 AM SQL: insert into ContentMeta (ContentID, DateCreated, CreatedBy, MetaDescriptorID) Values (8, '8/27/2012 10:58:40 AM', 'admin', '1')
SUCCESS - 8/27/2012 10:58:44 AM Method: PublishContent. 8 successfully published: 8/27/2012 10:58:44 AM
SUCCESS - 8/27/2012 10:58:45 AM Method: PublishPage. History.aspx successfully published: 8/27/2012 10:58:45 AM
SUCCESS - 8/27/2012 11:02:38 AM Method: CreateContentPageMeta. C:\Users\Gil\Documents\Visual Studio 2010\Projects\STFMPlatformTransition\STFMPlatformTransition\Content\AboutUs.aspx successfully created: 8/27/2012 11:02:38 AM
SUCCESS - 8/27/2012 11:02:38 AM Method: CreateContentPage. AboutUs.aspx successfully created: 8/27/2012 11:02:38 AM
SUCCESS - 8/27/2012 11:02:38 AM Method: FillContentObject. System.Security.Principal.WindowsPrincipal successfully completed: 8/27/2012 11:02:38 AM
SUCCESS - 8/27/2012 11:07:34 AM Method: CheckLoginCredentials. System.Security.Principal.WindowsPrincipal successfully authenticated: 8/27/2012 11:07:34 AM
SUCCESS - 8/27/2012 11:07:46 AM Method: CreateContentPageMeta. C:\Users\Gil\Documents\Visual Studio 2010\Projects\STFMPlatformTransition\STFMPlatformTransition\Content\About.aspx successfully created: 8/27/2012 11:07:46 AM
SUCCESS - 8/27/2012 11:07:46 AM Method: CreateContentPage. About.aspx successfully created: 8/27/2012 11:07:46 AM
SUCCESS - 8/27/2012 11:07:46 AM Method: FillContentObject. System.Security.Principal.WindowsPrincipal successfully completed: 8/27/2012 11:07:46 AM
Oh Yes!  SUCCESS - 8/27/2012 11:08:18 AM Method: SavePageContent. About.aspx content was successfully saved: 8/27/2012 11:08:18 AM SQL: insert into ContentMeta (ContentID, DateCreated, CreatedBy, MetaDescriptorID) Values (9, '8/27/2012 11:08:18 AM', 'admin', '1')
SUCCESS - 8/27/2012 11:08:24 AM Method: PublishPage. About.aspx successfully published: 8/27/2012 11:08:24 AM
ERROR - 8/27/2012 11:08:42 AM Method: CreateContentPage. C:\Users\Gil\Documents\Visual Studio 2010\Projects\STFMPlatformTransition\STFMPlatformTransition\Content\History.aspx failed: 8/27/2012 11:08:42 AM Error: The file 'C:\Users\Gil\Documents\Visual Studio 2010\Projects\STFMPlatformTransition\STFMPlatformTransition\Content\History.aspx' already exists.
SUCCESS - 8/27/2012 11:08:42 AM Method: CreateContentPage. History.aspx successfully created: 8/27/2012 11:08:42 AM
SUCCESS - 8/27/2012 11:08:42 AM Method: FillContentObject. System.Security.Principal.WindowsPrincipal successfully completed: 8/27/2012 11:08:42 AM
SUCCESS - 8/27/2012 11:09:20 AM Method: CheckLoginCredentials. System.Security.Principal.WindowsPrincipal successfully authenticated: 8/27/2012 11:09:20 AM
SUCCESS - 8/27/2012 11:09:36 AM Method: CreateContentPageMeta. C:\Users\Gil\Documents\Visual Studio 2010\Projects\STFMPlatformTransition\STFMPlatformTransition\Content\History.aspx successfully created: 8/27/2012 11:09:36 AM
SUCCESS - 8/27/2012 11:09:36 AM Method: CreateContentPage. History.aspx successfully created: 8/27/2012 11:09:36 AM
SUCCESS - 8/27/2012 11:09:36 AM Method: FillContentObject. System.Security.Principal.WindowsPrincipal successfully completed: 8/27/2012 11:09:36 AM
SUCCESS - 8/27/2012 11:10:25 AM Method: CheckLoginCredentials. System.Security.Principal.WindowsPrincipal successfully authenticated: 8/27/2012 11:10:25 AM
SUCCESS - 8/27/2012 11:10:39 AM Method: CreateContentPageMeta. C:\Users\Gil\Documents\Visual Studio 2010\Projects\STFMPlatformTransition\STFMPlatformTransition\Content\AboutUs.aspx successfully created: 8/27/2012 11:10:39 AM
SUCCESS - 8/27/2012 11:10:39 AM Method: CreateContentPage. AboutUs.aspx successfully created: 8/27/2012 11:10:39 AM
SUCCESS - 8/27/2012 11:10:39 AM Method: FillContentObject. System.Security.Principal.WindowsPrincipal successfully completed: 8/27/2012 11:10:39 AM
Oh Yes!  SUCCESS - 8/27/2012 11:10:51 AM Method: SavePageContent. AboutUs.aspx content was successfully saved: 8/27/2012 11:10:51 AM SQL: insert into ContentMeta (ContentID, DateCreated, CreatedBy, MetaDescriptorID) Values (10, '8/27/2012 11:10:51 AM', 'admin', '1')
SUCCESS - 8/27/2012 11:10:53 AM Method: PublishContent. 10 successfully published: 8/27/2012 11:10:53 AM
SUCCESS - 8/27/2012 11:10:54 AM Method: PublishPage. AboutUs.aspx successfully published: 8/27/2012 11:10:54 AM
ERROR - 8/27/2012 11:11:05 AM Method: CreateContentPage. C:\Users\Gil\Documents\Visual Studio 2010\Projects\STFMPlatformTransition\STFMPlatformTransition\Content\History.aspx failed: 8/27/2012 11:11:05 AM Error: The file 'C:\Users\Gil\Documents\Visual Studio 2010\Projects\STFMPlatformTransition\STFMPlatformTransition\Content\History.aspx' already exists.
SUCCESS - 8/27/2012 11:11:05 AM Method: CreateContentPage. History.aspx successfully created: 8/27/2012 11:11:05 AM
SUCCESS - 8/27/2012 11:11:05 AM Method: FillContentObject. System.Security.Principal.WindowsPrincipal successfully completed: 8/27/2012 11:11:05 AM
SUCCESS - 8/27/2012 11:11:36 AM Method: CheckLoginCredentials. System.Security.Principal.WindowsPrincipal successfully authenticated: 8/27/2012 11:11:36 AM
SUCCESS - 8/27/2012 11:11:47 AM Method: CreateContentPageMeta. C:\Users\Gil\Documents\Visual Studio 2010\Projects\STFMPlatformTransition\STFMPlatformTransition\Content\History.aspx successfully created: 8/27/2012 11:11:47 AM
SUCCESS - 8/27/2012 11:11:47 AM Method: CreateContentPage. History.aspx successfully created: 8/27/2012 11:11:47 AM
SUCCESS - 8/27/2012 11:11:47 AM Method: FillContentObject. System.Security.Principal.WindowsPrincipal successfully completed: 8/27/2012 11:11:47 AM
SUCCESS - 8/27/2012 11:51:22 AM Method: CheckLoginCredentials. System.Security.Principal.WindowsPrincipal successfully authenticated: 8/27/2012 11:51:22 AM
