SUCCESS - 8/29/2012 7:10:38 AM Method: CheckLoginCredentials. System.Security.Principal.WindowsPrincipal successfully authenticated: 8/29/2012 7:10:38 AM
SUCCESS - 8/29/2012 7:13:04 AM Method: CheckLoginCredentials. System.Security.Principal.WindowsPrincipal successfully authenticated: 8/29/2012 7:13:04 AM
SUCCESS - 8/29/2012 7:13:19 AM Method: CreateContentPageMeta. C:\Users\Gil\Documents\Visual Studio 2010\Projects\STFMPlatformTransition\STFMPlatformTransition\Content\AboutUs.aspx successfully created: 8/29/2012 7:13:19 AM
SUCCESS - 8/29/2012 7:13:19 AM Method: CreateContentPage. AboutUs.aspx successfully created: 8/29/2012 7:13:19 AM
SUCCESS - 8/29/2012 7:13:19 AM Method: FillContentObject. System.Security.Principal.WindowsPrincipal successfully completed: 8/29/2012 7:13:19 AM
Oh Yes!  SUCCESS - 8/29/2012 7:13:41 AM Method: SavePageContent. AboutUs.aspx content was successfully saved: 8/29/2012 7:13:41 AM SQL: insert into ContentMeta (ContentID, DateCreated, CreatedBy, MetaDescriptorID) Values (18, '8/29/2012 7:13:41 AM', 'admin', '1')
Oh Yes!  SUCCESS - 8/29/2012 7:13:48 AM Method: SavePageContent. AboutUs.aspx content was successfully saved: 8/29/2012 7:13:48 AM SQL: insert into ContentMeta (ContentID, DateCreated, CreatedBy, MetaDescriptorID) Values (19, '8/29/2012 7:13:48 AM', 'admin', '1')
SUCCESS - 8/29/2012 7:14:09 AM Method: CheckLoginCredentials. System.Security.Principal.WindowsPrincipal successfully authenticated: 8/29/2012 7:14:09 AM
SUCCESS - 8/29/2012 7:14:14 AM Method: PublishPage. AboutUs.aspx successfully published: 8/29/2012 7:14:14 AM
SUCCESS - 8/29/2012 7:14:28 AM Method: CheckLoginCredentials. System.Security.Principal.WindowsPrincipal successfully authenticated: 8/29/2012 7:14:28 AM
SUCCESS - 8/29/2012 7:14:36 AM Method: PublishContent. 18 successfully published: 8/29/2012 7:14:36 AM
SUCCESS - 8/29/2012 7:14:52 AM Method: CheckLoginCredentials. System.Security.Principal.WindowsPrincipal successfully authenticated: 8/29/2012 7:14:52 AM
SUCCESS - 8/29/2012 7:14:58 AM Method: DeactiveateContent. 18 successfully deactivated: 8/29/2012 7:14:58 AM
SUCCESS - 8/29/2012 7:15:10 AM Method: CheckLoginCredentials. System.Security.Principal.WindowsPrincipal successfully authenticated: 8/29/2012 7:15:10 AM
SUCCESS - 8/29/2012 7:15:17 AM Method: PublishContent. 19 successfully published: 8/29/2012 7:15:17 AM
SUCCESS - 8/29/2012 7:20:32 AM Method: CheckLoginCredentials. System.Security.Principal.WindowsPrincipal successfully authenticated: 8/29/2012 7:20:32 AM
ERROR - 8/29/2012 7:22:11 AM Method: CreateContentPage. C:\Users\Gil\Documents\Visual Studio 2010\Projects\STFMPlatformTransition\STFMPlatformTransition\Content\AboutUs.aspx failed: 8/29/2012 7:22:11 AM Error: The file 'C:\Users\Gil\Documents\Visual Studio 2010\Projects\STFMPlatformTransition\STFMPlatformTransition\Content\AboutUs.aspx' already exists.
SUCCESS - 8/29/2012 7:22:11 AM Method: CreateContentPage. AboutUs.aspx successfully created: 8/29/2012 7:22:11 AM
SUCCESS - 8/29/2012 7:22:11 AM Method: FillContentObject. System.Security.Principal.WindowsPrincipal successfully completed: 8/29/2012 7:22:11 AM
SUCCESS - 8/29/2012 7:31:05 AM Method: CheckLoginCredentials. System.Security.Principal.WindowsPrincipal successfully authenticated: 8/29/2012 7:31:05 AM
SUCCESS - 8/29/2012 7:31:19 AM Method: CreateContentPageMeta. C:\Users\Gil\Documents\Visual Studio 2010\Projects\STFMPlatformTransition\STFMPlatformTransition\Content\AboutUs.aspx successfully created: 8/29/2012 7:31:19 AM
SUCCESS - 8/29/2012 7:31:19 AM Method: CreateContentPage. AboutUs.aspx successfully created: 8/29/2012 7:31:19 AM
SUCCESS - 8/29/2012 7:31:19 AM Method: FillContentObject. System.Security.Principal.WindowsPrincipal successfully completed: 8/29/2012 7:31:19 AM
Oh Yes!  SUCCESS - 8/29/2012 7:37:29 AM Method: SavePageContent. AboutUs.aspx content was successfully saved: 8/29/2012 7:37:29 AM SQL: insert into ContentMeta (ContentID, DateCreated, CreatedBy, MetaDescriptorID) Values (20, '8/29/2012 7:37:29 AM', 'admin', '1')
Oh Yes!  SUCCESS - 8/29/2012 7:38:01 AM Method: SavePageContent. AboutUs.aspx content was successfully saved: 8/29/2012 7:38:01 AM SQL: insert into ContentMeta (ContentID, DateCreated, CreatedBy, MetaDescriptorID) Values (21, '8/29/2012 7:38:01 AM', 'admin', '1')
SUCCESS - 8/29/2012 7:38:56 AM Method: CheckLoginCredentials. System.Security.Principal.WindowsPrincipal successfully authenticated: 8/29/2012 7:38:56 AM
SUCCESS - 8/29/2012 7:39:32 AM Method: PublishContent. 20 successfully published: 8/29/2012 7:39:32 AM
SUCCESS - 8/29/2012 7:40:27 AM Method: CheckLoginCredentials. System.Security.Principal.WindowsPrincipal successfully authenticated: 8/29/2012 7:40:27 AM
SUCCESS - 8/29/2012 7:40:35 AM Method: PublishContent. 21 successfully published: 8/29/2012 7:40:35 AM
SUCCESS - 8/29/2012 7:40:57 AM Method: CheckLoginCredentials. System.Security.Principal.WindowsPrincipal successfully authenticated: 8/29/2012 7:40:57 AM
SUCCESS - 8/29/2012 7:41:32 AM Method: CheckLoginCredentials. System.Security.Principal.WindowsPrincipal successfully authenticated: 8/29/2012 7:41:32 AM
SUCCESS - 8/29/2012 7:41:39 AM Method: PublishPage. AboutUs.aspx successfully published: 8/29/2012 7:41:39 AM
SUCCESS - 8/29/2012 7:42:48 AM Method: CheckLoginCredentials. System.Security.Principal.WindowsPrincipal successfully authenticated: 8/29/2012 7:42:48 AM
SUCCESS - 8/29/2012 7:43:00 AM Method: CreateContentPageMeta. C:\Users\Gil\Documents\Visual Studio 2010\Projects\STFMPlatformTransition\STFMPlatformTransition\Content\AboutUs.aspx successfully created: 8/29/2012 7:43:00 AM
SUCCESS - 8/29/2012 7:43:00 AM Method: CreateContentPage. AboutUs.aspx successfully created: 8/29/2012 7:43:00 AM
SUCCESS - 8/29/2012 7:43:00 AM Method: FillContentObject. System.Security.Principal.WindowsPrincipal successfully completed: 8/29/2012 7:43:00 AM
Oh Yes!  SUCCESS - 8/29/2012 7:43:18 AM Method: SavePageContent. AboutUs.aspx content was successfully saved: 8/29/2012 7:43:18 AM SQL: insert into ContentMeta (ContentID, DateCreated, CreatedBy, MetaDescriptorID) Values (22, '8/29/2012 7:43:18 AM', 'admin', '1')
Oh Yes!  SUCCESS - 8/29/2012 7:43:24 AM Method: SavePageContent. AboutUs.aspx content was successfully saved: 8/29/2012 7:43:24 AM SQL: insert into ContentMeta (ContentID, DateCreated, CreatedBy, MetaDescriptorID) Values (23, '8/29/2012 7:43:24 AM', 'admin', '1')
SUCCESS - 8/29/2012 7:43:38 AM Method: CheckLoginCredentials. System.Security.Principal.WindowsPrincipal successfully authenticated: 8/29/2012 7:43:38 AM
SUCCESS - 8/29/2012 7:43:46 AM Method: PublishContent. 22 successfully published: 8/29/2012 7:43:46 AM
SUCCESS - 8/29/2012 7:43:48 AM Method: PublishContent. 23 successfully published: 8/29/2012 7:43:48 AM
SUCCESS - 8/29/2012 7:43:58 AM Method: CheckLoginCredentials. System.Security.Principal.WindowsPrincipal successfully authenticated: 8/29/2012 7:43:58 AM
SUCCESS - 8/29/2012 7:44:02 AM Method: PublishPage. AboutUs.aspx successfully published: 8/29/2012 7:44:02 AM
SUCCESS - 8/29/2012 7:44:18 AM Method: CheckLoginCredentials. System.Security.Principal.WindowsPrincipal successfully authenticated: 8/29/2012 7:44:18 AM
SUCCESS - 8/29/2012 7:44:31 AM Method: DeactiveateContent. 23 successfully deactivated: 8/29/2012 7:44:31 AM
SUCCESS - 8/29/2012 7:44:47 AM Method: CheckLoginCredentials. System.Security.Principal.WindowsPrincipal successfully authenticated: 8/29/2012 7:44:47 AM
SUCCESS - 8/29/2012 7:44:51 AM Method: DeactiveateContent. 22 successfully deactivated: 8/29/2012 7:44:51 AM
SUCCESS - 8/29/2012 7:45:01 AM Method: CheckLoginCredentials. System.Security.Principal.WindowsPrincipal successfully authenticated: 8/29/2012 7:45:01 AM
SUCCESS - 8/29/2012 7:45:06 AM Method: DeactivatePage. AboutUs successfully deactivated: 8/29/2012 7:45:06 AM
SUCCESS - 8/29/2012 7:45:15 AM Method: CheckLoginCredentials. System.Security.Principal.WindowsPrincipal successfully authenticated: 8/29/2012 7:45:15 AM
SUCCESS - 8/29/2012 7:45:23 AM Method: PublishContent. 22 successfully published: 8/29/2012 7:45:23 AM
SUCCESS - 8/29/2012 7:45:24 AM Method: PublishContent. 23 successfully published: 8/29/2012 7:45:24 AM
SUCCESS - 8/29/2012 7:45:25 AM Method: PublishPage. AboutUs.aspx successfully published: 8/29/2012 7:45:25 AM
SUCCESS - 8/29/2012 7:45:38 AM Method: CheckLoginCredentials. System.Security.Principal.WindowsPrincipal successfully authenticated: 8/29/2012 7:45:38 AM
SUCCESS - 8/29/2012 7:45:43 AM Method: DeactiveateContent. 22 successfully deactivated: 8/29/2012 7:45:43 AM
SUCCESS - 8/29/2012 7:45:59 AM Method: CheckLoginCredentials. System.Security.Principal.WindowsPrincipal successfully authenticated: 8/29/2012 7:45:59 AM
SUCCESS - 8/29/2012 7:49:04 AM Method: CheckLoginCredentials. System.Security.Principal.WindowsPrincipal successfully authenticated: 8/29/2012 7:49:04 AM
SUCCESS - 8/29/2012 7:52:07 AM Method: CheckLoginCredentials. System.Security.Principal.WindowsPrincipal successfully authenticated: 8/29/2012 7:52:07 AM
SUCCESS - 8/29/2012 7:52:14 AM Method: PublishContent. 22 successfully published: 8/29/2012 7:52:14 AM
SUCCESS - 8/29/2012 7:52:26 AM Method: CheckLoginCredentials. System.Security.Principal.WindowsPrincipal successfully authenticated: 8/29/2012 7:52:26 AM
SUCCESS - 8/29/2012 7:52:31 AM Method: DeactiveateContent. 23 successfully deactivated: 8/29/2012 7:52:31 AM
SUCCESS - 8/29/2012 7:52:43 AM Method: CheckLoginCredentials. System.Security.Principal.WindowsPrincipal successfully authenticated: 8/29/2012 7:52:43 AM
SUCCESS - 8/29/2012 7:52:47 AM Method: DeactivatePage. AboutUs successfully deactivated: 8/29/2012 7:52:47 AM
SUCCESS - 8/29/2012 7:52:57 AM Method: CheckLoginCredentials. System.Security.Principal.WindowsPrincipal successfully authenticated: 8/29/2012 7:52:57 AM
SUCCESS - 8/29/2012 7:53:02 AM Method: PublishPage. AboutUs.aspx successfully published: 8/29/2012 7:53:02 AM
SUCCESS - 8/29/2012 7:53:12 AM Method: DeactiveateContent. 22 successfully deactivated: 8/29/2012 7:53:12 AM
SUCCESS - 8/29/2012 7:53:14 AM Method: PublishContent. 23 successfully published: 8/29/2012 7:53:14 AM
SUCCESS - 8/29/2012 7:53:32 AM Method: CheckLoginCredentials. System.Security.Principal.WindowsPrincipal successfully authenticated: 8/29/2012 7:53:32 AM
SUCCESS - 8/29/2012 7:53:37 AM Method: PublishContent. 22 successfully published: 8/29/2012 7:53:37 AM
SUCCESS - 8/29/2012 7:53:38 AM Method: PublishContent. 23 successfully published: 8/29/2012 7:53:38 AM
SUCCESS - 8/29/2012 7:55:59 AM Method: CheckLoginCredentials. System.Security.Principal.WindowsPrincipal successfully authenticated: 8/29/2012 7:55:59 AM
Oh Yes!  SUCCESS - 8/29/2012 7:56:23 AM Method: SavePageContent. AboutUs.aspx content was successfully saved: 8/29/2012 7:56:23 AM SQL: insert into STFMContentHistory (ContentMetaID, Section, Page, Placement, Content, UserID, DateCreated) Values (213, 'About Us', 'AboutUs', '1', '<p>About Us</p>
		<p>History</p>', '', '8/29/2012 7:56:23 AM')
Oh Yes!  SUCCESS - 8/29/2012 7:56:47 AM Method: SavePageContent. AboutUs.aspx content was successfully saved: 8/29/2012 7:56:47 AM SQL: insert into STFMContentHistory (ContentMetaID, Section, Page, Placement, Content, UserID, DateCreated) Values (214, 'About Us', 'AboutUs', '1', '<p>About Us</p>
		<p>History</p>
		<p>CAFM</p>', '', '8/29/2012 7:56:47 AM')
SUCCESS - 8/29/2012 8:31:08 AM Method: CheckLoginCredentials. System.Security.Principal.WindowsPrincipal successfully authenticated: 8/29/2012 8:31:08 AM
Oh Yes!  SUCCESS - 8/29/2012 8:31:27 AM Method: SavePageContent. AboutUs.aspx content was successfully saved: 8/29/2012 8:31:27 AM SQL: insert into STFMContentHistory (ContentMetaID, Section, Page, Placement, Content, UserID, DateCreated) Values (215, 'About Us', 'AboutUs', '2', '<p>Content 1 Here</p>
		<p>Now Content 2 Here</p>', '', '8/29/2012 8:31:27 AM')
Oh Yes!  SUCCESS - 8/29/2012 8:31:50 AM Method: SavePageContent. AboutUs.aspx content was successfully saved: 8/29/2012 8:31:50 AM SQL: insert into STFMContentHistory (ContentMetaID, Section, Page, Placement, Content, UserID, DateCreated) Values (216, 'About Us', 'AboutUs', '1', '<p>About Us</p>
		<p>History</p>
		<p>CAFM</p>', '', '8/29/2012 8:31:50 AM')
SUCCESS - 8/29/2012 8:43:57 AM Method: CheckLoginCredentials. System.Security.Principal.WindowsPrincipal successfully authenticated: 8/29/2012 8:43:57 AM
SUCCESS - 8/29/2012 8:44:35 AM Method: RevertContent. 22 successfully reverted: 8/29/2012 8:44:35 AM
SUCCESS - 8/29/2012 8:44:49 AM Method: RevertContent. 23 successfully reverted: 8/29/2012 8:44:49 AM
Oh Yes!  SUCCESS - 8/29/2012 8:44:55 AM Method: SavePageContent. AboutUs.aspx content was successfully saved: 8/29/2012 8:44:55 AM SQL: insert into STFMContentHistory (ContentMetaID, Section, Page, Placement, Content, UserID, DateCreated) Values (217, 'About Us', 'AboutUs', '1', '<p>About Us</p>
		<p>History</p>
		<p>CAFM</p>
		<p>Test</p>', '', '8/29/2012 8:44:55 AM')
SUCCESS - 8/29/2012 8:44:59 AM Method: RevertContent. 23 successfully reverted: 8/29/2012 8:44:59 AM
Oh Yes!  SUCCESS - 8/29/2012 8:45:01 AM Method: SavePageContent. AboutUs.aspx content was successfully saved: 8/29/2012 8:45:01 AM SQL: insert into STFMContentHistory (ContentMetaID, Section, Page, Placement, Content, UserID, DateCreated) Values (218, 'About Us', 'AboutUs', '2', '<p>Content 1 Here</p>
		<p>Now Content 2 Here</p>
		<p>New Content 3 here now.</p>', '', '8/29/2012 8:45:01 AM')
SUCCESS - 8/29/2012 8:45:26 AM Method: CheckLoginCredentials. System.Security.Principal.WindowsPrincipal successfully authenticated: 8/29/2012 8:45:26 AM
SUCCESS - 8/29/2012 8:45:37 AM Method: RevertContent. 22 successfully reverted: 8/29/2012 8:45:37 AM
Oh Yes!  SUCCESS - 8/29/2012 8:45:40 AM Method: SavePageContent. AboutUs.aspx content was successfully saved: 8/29/2012 8:45:40 AM SQL: insert into STFMContentHistory (ContentMetaID, Section, Page, Placement, Content, UserID, DateCreated) Values (219, 'About Us', 'AboutUs', '1', '<p>About Us</p>
		<p>History</p>
		<p>CAFM</p>', '', '8/29/2012 8:45:40 AM')
SUCCESS - 8/29/2012 8:45:45 AM Method: RevertContent. 23 successfully reverted: 8/29/2012 8:45:45 AM
Oh Yes!  SUCCESS - 8/29/2012 8:45:49 AM Method: SavePageContent. AboutUs.aspx content was successfully saved: 8/29/2012 8:45:49 AM SQL: insert into STFMContentHistory (ContentMetaID, Section, Page, Placement, Content, UserID, DateCreated) Values (220, 'About Us', 'AboutUs', '2', '<p>Content 1 Here</p>
		<p>Now Content 2 Here</p>', '', '8/29/2012 8:45:49 AM')
SUCCESS - 8/29/2012 8:57:51 AM Method: CheckLoginCredentials. System.Security.Principal.WindowsPrincipal successfully authenticated: 8/29/2012 8:57:51 AM
SUCCESS - 8/29/2012 8:58:22 AM Method: CreateContentPageMeta. C:\Users\Gil\Documents\Visual Studio 2010\Projects\STFMPlatformTransition\STFMPlatformTransition\Content\AboutUs.aspx successfully created: 8/29/2012 8:58:22 AM
SUCCESS - 8/29/2012 8:58:22 AM Method: CreateContentPage. AboutUs.aspx successfully created: 8/29/2012 8:58:22 AM
SUCCESS - 8/29/2012 8:58:22 AM Method: FillContentObject. System.Security.Principal.WindowsPrincipal successfully completed: 8/29/2012 8:58:22 AM
Oh Yes!  SUCCESS - 8/29/2012 8:58:43 AM Method: SavePageContent. AboutUs.aspx content was successfully saved: 8/29/2012 8:58:43 AM SQL: insert into ContentMeta (ContentID, DateCreated, CreatedBy, MetaDescriptorID) Values (24, '8/29/2012 8:58:43 AM', 'admin', '1')
Oh Yes!  SUCCESS - 8/29/2012 8:59:00 AM Method: SavePageContent. AboutUs.aspx content was successfully saved: 8/29/2012 8:59:00 AM SQL: insert into ContentMeta (ContentID, DateCreated, CreatedBy, MetaDescriptorID) Values (25, '8/29/2012 8:59:00 AM', 'admin', '1')
SUCCESS - 8/29/2012 9:03:15 AM Method: CheckLoginCredentials. System.Security.Principal.WindowsPrincipal successfully authenticated: 8/29/2012 9:03:15 AM
SUCCESS - 8/29/2012 9:03:23 AM Method: PublishPage. AboutUs.aspx successfully published: 8/29/2012 9:03:23 AM
SUCCESS - 8/29/2012 9:03:27 AM Method: PublishContent. 24 successfully published: 8/29/2012 9:03:27 AM
SUCCESS - 8/29/2012 9:03:30 AM Method: PublishContent. 25 successfully published: 8/29/2012 9:03:30 AM
SUCCESS - 8/29/2012 9:05:49 AM Method: CheckLoginCredentials. System.Security.Principal.WindowsPrincipal successfully authenticated: 8/29/2012 9:05:49 AM
SUCCESS - 8/29/2012 9:14:11 AM Method: CheckLoginCredentials. System.Security.Principal.WindowsPrincipal successfully authenticated: 8/29/2012 9:14:11 AM
SUCCESS - 8/29/2012 9:24:39 AM Method: CheckLoginCredentials. System.Security.Principal.WindowsPrincipal successfully authenticated: 8/29/2012 9:24:39 AM
SUCCESS - 8/29/2012 9:36:47 AM Method: CheckLoginCredentials. System.Security.Principal.WindowsPrincipal successfully authenticated: 8/29/2012 9:36:47 AM
SUCCESS - 8/29/2012 10:43:41 AM Method: CheckLoginCredentials. System.Security.Principal.WindowsPrincipal successfully authenticated: 8/29/2012 10:43:41 AM
SUCCESS - 8/29/2012 10:46:25 AM Method: CheckLoginCredentials. System.Security.Principal.WindowsPrincipal successfully authenticated: 8/29/2012 10:46:25 AM
SUCCESS - 8/29/2012 10:49:56 AM Method: CheckLoginCredentials. System.Security.Principal.WindowsPrincipal successfully authenticated: 8/29/2012 10:49:56 AM
ERROR - 8/29/2012 10:50:52 AM Method: ChangePageAvailability. Content Page ID: 54 failed: 8/29/2012 10:50:52 AM Error: The conversion of a varchar data type to a datetime data type resulted in an out-of-range value.
The statement has been terminated.
SUCCESS - 8/29/2012 10:54:42 AM Method: CheckLoginCredentials. System.Security.Principal.WindowsPrincipal successfully authenticated: 8/29/2012 10:54:42 AM
SUCCESS - 8/29/2012 10:55:10 AM Method: ChangePageAvailability. Content Page ID: 54 successfully changed: 8/29/2012 10:55:10 AM
SUCCESS - 8/29/2012 10:56:49 AM Method: CheckLoginCredentials. System.Security.Principal.WindowsPrincipal successfully authenticated: 8/29/2012 10:56:49 AM
SUCCESS - 8/29/2012 10:58:17 AM Method: CreateContentPageMeta. C:\Users\Gil\Documents\Visual Studio 2010\Projects\STFMPlatformTransition\STFMPlatformTransition\Content\Conferences.aspx successfully created: 8/29/2012 10:58:17 AM
SUCCESS - 8/29/2012 10:58:17 AM Method: CreateContentPage. Conferences.aspx successfully created: 8/29/2012 10:58:17 AM
SUCCESS - 8/29/2012 10:58:17 AM Method: FillContentObject. System.Security.Principal.WindowsPrincipal successfully completed: 8/29/2012 10:58:17 AM
SUCCESS - 8/29/2012 10:58:20 AM Method: PublishPage. Conferences.aspx successfully published: 8/29/2012 10:58:20 AM
SUCCESS - 8/29/2012 10:58:32 AM Method: CheckLoginCredentials. System.Security.Principal.WindowsPrincipal successfully authenticated: 8/29/2012 10:58:32 AM
Oh Yes!  SUCCESS - 8/29/2012 10:58:48 AM Method: SavePageContent. Conferences.aspx content was successfully saved: 8/29/2012 10:58:48 AM SQL: insert into ContentMeta (ContentID, DateCreated, CreatedBy, MetaDescriptorID) Values (26, '8/29/2012 10:58:48 AM', 'admin', '1')
SUCCESS - 8/29/2012 10:58:49 AM Method: PublishContent. 26 successfully published: 8/29/2012 10:58:49 AM
Oh Yes!  SUCCESS - 8/29/2012 10:58:50 AM Method: SavePageContent. Conferences.aspx content was successfully saved: 8/29/2012 10:58:50 AM SQL: insert into ContentMeta (ContentID, DateCreated, CreatedBy, MetaDescriptorID) Values (27, '8/29/2012 10:58:50 AM', 'admin', '1')
SUCCESS - 8/29/2012 10:58:51 AM Method: PublishContent. 27 successfully published: 8/29/2012 10:58:51 AM
SUCCESS - 8/29/2012 11:01:31 AM Method: CheckLoginCredentials. System.Security.Principal.WindowsPrincipal successfully authenticated: 8/29/2012 11:01:31 AM
SUCCESS - 8/29/2012 11:02:43 AM Method: CreateContentPageMeta. C:\Users\Gil\Documents\Visual Studio 2010\Projects\STFMPlatformTransition\STFMPlatformTransition\Content\Conferences.aspx successfully created: 8/29/2012 11:02:43 AM
SUCCESS - 8/29/2012 11:02:43 AM Method: CreateContentPage. Conferences.aspx successfully created: 8/29/2012 11:02:43 AM
SUCCESS - 8/29/2012 11:02:43 AM Method: FillContentObject. System.Security.Principal.WindowsPrincipal successfully completed: 8/29/2012 11:02:43 AM
SUCCESS - 8/29/2012 11:03:52 AM Method: CheckLoginCredentials. System.Security.Principal.WindowsPrincipal successfully authenticated: 8/29/2012 11:03:52 AM
SUCCESS - 8/29/2012 11:05:15 AM Method: CreateContentPageMeta. C:\Users\Gil\Documents\Visual Studio 2010\Projects\STFMPlatformTransition\STFMPlatformTransition\Content\Tester.aspx successfully created: 8/29/2012 11:05:15 AM
SUCCESS - 8/29/2012 11:05:15 AM Method: CreateContentPage. Tester.aspx successfully created: 8/29/2012 11:05:15 AM
SUCCESS - 8/29/2012 11:05:15 AM Method: FillContentObject. System.Security.Principal.WindowsPrincipal successfully completed: 8/29/2012 11:05:15 AM
Oh Yes!  SUCCESS - 8/29/2012 11:05:18 AM Method: SavePageContent. Tester.aspx content was successfully saved: 8/29/2012 11:05:18 AM SQL: insert into ContentMeta (ContentID, DateCreated, CreatedBy, MetaDescriptorID) Values (28, '8/29/2012 11:05:18 AM', 'admin', '1')
SUCCESS - 8/29/2012 11:05:21 AM Method: PublishContent. 28 successfully published: 8/29/2012 11:05:21 AM
Oh Yes!  SUCCESS - 8/29/2012 11:05:23 AM Method: SavePageContent. Tester.aspx content was successfully saved: 8/29/2012 11:05:23 AM SQL: insert into ContentMeta (ContentID, DateCreated, CreatedBy, MetaDescriptorID) Values (29, '8/29/2012 11:05:23 AM', 'admin', '1')
SUCCESS - 8/29/2012 11:05:24 AM Method: PublishContent. 29 successfully published: 8/29/2012 11:05:24 AM
SUCCESS - 8/29/2012 11:05:26 AM Method: PublishPage. Tester.aspx successfully published: 8/29/2012 11:05:26 AM
SUCCESS - 8/29/2012 11:05:56 AM Method: CheckLoginCredentials. System.Security.Principal.WindowsPrincipal successfully authenticated: 8/29/2012 11:05:56 AM
Oh Yes!  SUCCESS - 8/29/2012 11:06:05 AM Method: SavePageContent. Conferences.aspx content was successfully saved: 8/29/2012 11:06:05 AM SQL: insert into ContentMeta (ContentID, DateCreated, CreatedBy, MetaDescriptorID) Values (30, '8/29/2012 11:06:05 AM', 'admin', '1')
SUCCESS - 8/29/2012 11:06:07 AM Method: PublishContent. 30 successfully published: 8/29/2012 11:06:07 AM
Oh Yes!  SUCCESS - 8/29/2012 11:06:09 AM Method: SavePageContent. Conferences.aspx content was successfully saved: 8/29/2012 11:06:09 AM SQL: insert into ContentMeta (ContentID, DateCreated, CreatedBy, MetaDescriptorID) Values (31, '8/29/2012 11:06:09 AM', 'admin', '1')
SUCCESS - 8/29/2012 11:06:10 AM Method: PublishContent. 31 successfully published: 8/29/2012 11:06:10 AM
SUCCESS - 8/29/2012 11:06:12 AM Method: PublishPage. Conferences.aspx successfully published: 8/29/2012 11:06:12 AM
SUCCESS - 8/29/2012 11:06:32 AM Method: CheckLoginCredentials. System.Security.Principal.WindowsPrincipal successfully authenticated: 8/29/2012 11:06:32 AM
SUCCESS - 8/29/2012 11:06:51 AM Method: CreateContentPageMeta. C:\Users\Gil\Documents\Visual Studio 2010\Projects\STFMPlatformTransition\STFMPlatformTransition\Content\tester2.aspx successfully created: 8/29/2012 11:06:51 AM
SUCCESS - 8/29/2012 11:06:51 AM Method: CreateContentPage. tester2.aspx successfully created: 8/29/2012 11:06:51 AM
SUCCESS - 8/29/2012 11:06:51 AM Method: FillContentObject. System.Security.Principal.WindowsPrincipal successfully completed: 8/29/2012 11:06:51 AM
Oh Yes!  SUCCESS - 8/29/2012 11:06:53 AM Method: SavePageContent. tester2.aspx content was successfully saved: 8/29/2012 11:06:53 AM SQL: insert into ContentMeta (ContentID, DateCreated, CreatedBy, MetaDescriptorID) Values (32, '8/29/2012 11:06:53 AM', 'admin', '1')
SUCCESS - 8/29/2012 11:06:55 AM Method: PublishContent. 32 successfully published: 8/29/2012 11:06:55 AM
Oh Yes!  SUCCESS - 8/29/2012 11:06:57 AM Method: SavePageContent. tester2.aspx content was successfully saved: 8/29/2012 11:06:57 AM SQL: insert into ContentMeta (ContentID, DateCreated, CreatedBy, MetaDescriptorID) Values (33, '8/29/2012 11:06:57 AM', 'admin', '1')
SUCCESS - 8/29/2012 11:06:58 AM Method: PublishContent. 33 successfully published: 8/29/2012 11:06:58 AM
SUCCESS - 8/29/2012 11:06:59 AM Method: PublishPage. tester2.aspx successfully published: 8/29/2012 11:06:59 AM
SUCCESS - 8/29/2012 11:09:52 AM Method: CheckLoginCredentials. System.Security.Principal.WindowsPrincipal successfully authenticated: 8/29/2012 11:09:52 AM
SUCCESS - 8/29/2012 11:10:11 AM Method: CreateContentPageMeta. C:\Users\Gil\Documents\Visual Studio 2010\Projects\STFMPlatformTransition\STFMPlatformTransition\Content\Conferences.aspx successfully created: 8/29/2012 11:10:11 AM
SUCCESS - 8/29/2012 11:10:11 AM Method: CreateContentPage. Conferences.aspx successfully created: 8/29/2012 11:10:11 AM
SUCCESS - 8/29/2012 11:10:11 AM Method: FillContentObject. System.Security.Principal.WindowsPrincipal successfully completed: 8/29/2012 11:10:11 AM
SUCCESS - 8/29/2012 11:10:39 AM Method: CheckLoginCredentials. System.Security.Principal.WindowsPrincipal successfully authenticated: 8/29/2012 11:10:39 AM
Oh Yes!  SUCCESS - 8/29/2012 11:10:45 AM Method: SavePageContent. Conferences.aspx content was successfully saved: 8/29/2012 11:10:45 AM SQL: insert into ContentMeta (ContentID, DateCreated, CreatedBy, MetaDescriptorID) Values (34, '8/29/2012 11:10:45 AM', 'admin', '1')
Oh Yes!  SUCCESS - 8/29/2012 11:10:47 AM Method: SavePageContent. Conferences.aspx content was successfully saved: 8/29/2012 11:10:47 AM SQL: insert into ContentMeta (ContentID, DateCreated, CreatedBy, MetaDescriptorID) Values (35, '8/29/2012 11:10:47 AM', 'admin', '1')
SUCCESS - 8/29/2012 11:10:48 AM Method: PublishContent. 34 successfully published: 8/29/2012 11:10:48 AM
SUCCESS - 8/29/2012 11:10:49 AM Method: PublishContent. 35 successfully published: 8/29/2012 11:10:49 AM
SUCCESS - 8/29/2012 11:11:29 AM Method: CheckLoginCredentials. System.Security.Principal.WindowsPrincipal successfully authenticated: 8/29/2012 11:11:29 AM
SUCCESS - 8/29/2012 11:11:51 AM Method: CreateContentPageMeta. C:\Users\Gil\Documents\Visual Studio 2010\Projects\STFMPlatformTransition\STFMPlatformTransition\Content\Conferences.aspx successfully created: 8/29/2012 11:11:51 AM
SUCCESS - 8/29/2012 11:11:51 AM Method: CreateContentPage. Conferences.aspx successfully created: 8/29/2012 11:11:51 AM
SUCCESS - 8/29/2012 11:11:51 AM Method: FillContentObject. System.Security.Principal.WindowsPrincipal successfully completed: 8/29/2012 11:11:51 AM
SUCCESS - 8/29/2012 5:08:30 PM Method: CheckLoginCredentials. System.Security.Principal.WindowsPrincipal successfully authenticated: 8/29/2012 5:08:30 PM
SUCCESS - 8/29/2012 5:08:40 PM Method: PublishPage. Conferences.aspx successfully published: 8/29/2012 5:08:40 PM
Oh Yes!  SUCCESS - 8/29/2012 5:10:06 PM Method: SavePageContent. Conferences.aspx content was successfully saved: 8/29/2012 5:10:06 PM SQL: insert into ContentMeta (ContentID, DateCreated, CreatedBy, MetaDescriptorID) Values (36, '8/29/2012 5:10:06 PM', 'admin', '1')
SUCCESS - 8/29/2012 5:10:14 PM Method: PublishContent. 36 successfully published: 8/29/2012 5:10:14 PM
SUCCESS - 8/29/2012 5:10:27 PM Method: CheckLoginCredentials. System.Security.Principal.WindowsPrincipal successfully authenticated: 8/29/2012 5:10:27 PM
Oh Yes!  SUCCESS - 8/29/2012 5:10:35 PM Method: SavePageContent. Conferences.aspx content was successfully saved: 8/29/2012 5:10:35 PM SQL: insert into ContentMeta (ContentID, DateCreated, CreatedBy, MetaDescriptorID) Values (37, '8/29/2012 5:10:35 PM', 'admin', '1')
SUCCESS - 8/29/2012 5:10:36 PM Method: PublishContent. 37 successfully published: 8/29/2012 5:10:36 PM
