SUCCESS - 9/28/2012 9:28:58 AM Method: CheckLoginCredentials. System.Security.Principal.WindowsPrincipal successfully authenticated: 9/28/2012 9:28:58 AM
Oh Yes!  SUCCESS - 9/28/2012 9:29:53 AM Method: SavePageContent. AboutUs.aspx content was successfully saved: 9/28/2012 9:29:53 AM SQL: insert into STFMContentHistory (ContentMetaID, Section, Page, Placement, Content, UserID, DateCreated) Values (369, 'About Us', 'AboutUs', '1', '<P>Become A Member</P>
<P>About Family Medicine Education</P>
<P>Governance</P>
<P><A onclick="javascript:alert(''Hey, Hey, Hey'')" href="History.aspx">History</A></P>
<P>We Rock</P>', '', '9/28/2012 9:29:53 AM')
Oh Yes!  SUCCESS - 9/28/2012 9:30:14 AM Method: SavePageContent. AboutUs.aspx content was successfully saved: 9/28/2012 9:30:14 AM SQL: insert into STFMContentHistory (ContentMetaID, Section, Page, Placement, Content, UserID, DateCreated) Values (370, 'About Us', 'AboutUs', '1', '<P>Become A Member</P>
<P>About Family Medicine Education</P>
<P>Governance</P>
<P><A onclick="javascript:alert(''Yo, Ho, Ho'')" href="History.aspx">History</A></P>
<P>We Rock</P>', '', '9/28/2012 9:30:14 AM')
SUCCESS - 9/28/2012 9:34:01 AM Method: CheckLoginCredentials. System.Security.Principal.WindowsPrincipal successfully authenticated: 9/28/2012 9:34:01 AM
Oh Yes!  SUCCESS - 9/28/2012 9:34:40 AM Method: SavePageContent. AboutUs.aspx content was successfully saved: 9/28/2012 9:34:40 AM SQL: insert into STFMContentHistory (ContentMetaID, Section, Page, Placement, Content, UserID, DateCreated) Values (371, 'About Us', 'AboutUs', '1', '<P>Become A Member</P>
<P>About Family Medicine Education</P>
<P>Governance</P>
<P><A onclick="javascript:alert(''Yo, Yo, Yo'')" href="History.aspx">History</A></P>
<P>We Rock</P>', '', '9/28/2012 9:34:40 AM')
SUCCESS - 9/28/2012 9:35:26 AM Method: CheckLoginCredentials. System.Security.Principal.WindowsPrincipal successfully authenticated: 9/28/2012 9:35:26 AM
SUCCESS - 9/28/2012 9:44:33 AM Method: CheckLoginCredentials. System.Security.Principal.WindowsPrincipal successfully authenticated: 9/28/2012 9:44:33 AM
SUCCESS - 9/28/2012 9:52:15 AM Method: CheckLoginCredentials. System.Security.Principal.WindowsPrincipal successfully authenticated: 9/28/2012 9:52:15 AM
SUCCESS - 9/28/2012 10:13:21 AM Method: CheckLoginCredentials. System.Security.Principal.WindowsPrincipal successfully authenticated: 9/28/2012 10:13:21 AM
SUCCESS - 9/28/2012 10:17:07 AM Method: CheckLoginCredentials. System.Security.Principal.WindowsPrincipal successfully authenticated: 9/28/2012 10:17:07 AM
Oh Yes!  SUCCESS - 9/28/2012 10:17:31 AM Method: SavePageContent. AboutUs.aspx content was successfully saved: 9/28/2012 10:17:31 AM SQL: insert into STFMContentHistory (ContentMetaID, Section, Page, Placement, Content, UserID, DateCreated) Values (372, 'About Us', 'AboutUs', '1', '<P>Become A Member</P>
<P>About Family Medicine Education</P>
<P>Governance</P>
<P><A onclick=javascript:this.style.color="Red" href="History.aspx">History</A></P>
<P>We Rock</P>', '', '9/28/2012 10:17:31 AM')
SUCCESS - 9/28/2012 10:29:31 AM Method: CheckLoginCredentials. System.Security.Principal.WindowsPrincipal successfully authenticated: 9/28/2012 10:29:32 AM
SUCCESS - 9/28/2012 10:47:22 AM Method: CheckLoginCredentials. System.Security.Principal.WindowsPrincipal successfully authenticated: 9/28/2012 10:47:22 AM
SUCCESS - 9/28/2012 11:24:20 AM Method: CheckLoginCredentials. System.Security.Principal.WindowsPrincipal successfully authenticated: 9/28/2012 11:24:20 AM
SUCCESS - 9/28/2012 1:35:08 PM Method: CheckLoginCredentials. System.Security.Principal.WindowsPrincipal successfully authenticated: 9/28/2012 1:35:08 PM
SUCCESS - 9/28/2012 1:35:54 PM Method: CheckLoginCredentials. System.Security.Principal.WindowsPrincipal successfully authenticated: 9/28/2012 1:35:54 PM
SUCCESS - 9/28/2012 1:36:20 PM Method: CreateContentPageMeta. C:\Users\Gil\Documents\Visual Studio 2010\Projects\STFMPlatformTransition\STFMPlatformTransition\Content\BecomeAMember.aspx successfully created: 9/28/2012 1:36:20 PM
SUCCESS - 9/28/2012 1:36:20 PM Method: CreateContentPage. BecomeAMember.aspx successfully created: 9/28/2012 1:36:20 PM
SUCCESS - 9/28/2012 1:36:20 PM Method: FillContentObject. System.Security.Principal.WindowsPrincipal successfully completed: 9/28/2012 1:36:20 PM
Oh Yes!  SUCCESS - 9/28/2012 1:36:41 PM Method: SavePageContent. AboutUs.aspx content was successfully saved: 9/28/2012 1:36:41 PM SQL: insert into STFMContentHistory (ContentMetaID, Section, Page, Placement, Content, UserID, DateCreated) Values (373, 'About Us', 'AboutUs', '1', '<P>Become A Member</P>
<P>About Family Medicine Education</P>
<P>Governance</P>
<P><A href="History.aspx">History</A></P>
<P>We Rock</P>', '', '9/28/2012 1:36:41 PM')
Oh Yes!  SUCCESS - 9/28/2012 1:36:48 PM Method: SavePageContent. BecomeAMember.aspx content was successfully saved: 9/28/2012 1:36:48 PM SQL: insert into ContentMeta (ContentID, DateCreated, CreatedBy, MetaDescriptorID) Values (47, '9/28/2012 1:36:48 PM', 'admin', '1')
SUCCESS - 9/28/2012 1:36:49 PM Method: PublishContent. 47 successfully published: 9/28/2012 1:36:49 PM
SUCCESS - 9/28/2012 1:36:51 PM Method: PublishPage. BecomeAMember.aspx successfully published: 9/28/2012 1:36:51 PM
SUCCESS - 9/28/2012 1:37:28 PM Method: CreateContentPageMeta. C:\Users\Gil\Documents\Visual Studio 2010\Projects\STFMPlatformTransition\STFMPlatformTransition\Content\AboutFamMedEd.aspx successfully created: 9/28/2012 1:37:28 PM
SUCCESS - 9/28/2012 1:37:28 PM Method: CreateContentPage. AboutFamMedEd.aspx successfully created: 9/28/2012 1:37:28 PM
SUCCESS - 9/28/2012 1:37:28 PM Method: FillContentObject. System.Security.Principal.WindowsPrincipal successfully completed: 9/28/2012 1:37:28 PM
Oh Yes!  SUCCESS - 9/28/2012 1:37:44 PM Method: SavePageContent. AboutUs.aspx content was successfully saved: 9/28/2012 1:37:44 PM SQL: insert into STFMContentHistory (ContentMetaID, Section, Page, Placement, Content, UserID, DateCreated) Values (376, 'About Us', 'AboutUs', '1', '<P><A href="BecomeAMember.aspx">Become A Member</A></P>
<P>About Family Medicine Education</P>
<P>Governance</P>
<P><A href="History.aspx">History</A></P>
<P>We Rock</P>', '', '9/28/2012 1:37:44 PM')
Oh Yes!  SUCCESS - 9/28/2012 1:37:49 PM Method: SavePageContent. AboutFamMedEd.aspx content was successfully saved: 9/28/2012 1:37:49 PM SQL: insert into ContentMeta (ContentID, DateCreated, CreatedBy, MetaDescriptorID) Values (48, '9/28/2012 1:37:49 PM', 'admin', '1')
SUCCESS - 9/28/2012 1:37:50 PM Method: PublishContent. 48 successfully published: 9/28/2012 1:37:50 PM
Oh Yes!  SUCCESS - 9/28/2012 1:38:11 PM Method: SavePageContent. AboutUs.aspx content was successfully saved: 9/28/2012 1:38:11 PM SQL: insert into STFMContentHistory (ContentMetaID, Section, Page, Placement, Content, UserID, DateCreated) Values (379, 'About Us', 'AboutUs', '1', '<P><A href="BecomeAMember.aspx">Become A Member</A></P>
<P><A href="AboutFamMedEd.aspx">About Family Medicine Education</A></P>
<P>Governance</P>
<P><A href="History.aspx">History</A></P>
<P>We Rock</P>', '', '9/28/2012 1:38:11 PM')
SUCCESS - 9/28/2012 1:38:34 PM Method: CheckLoginCredentials. System.Security.Principal.WindowsPrincipal successfully authenticated: 9/28/2012 1:38:34 PM
SUCCESS - 9/28/2012 1:38:41 PM Method: PublishPage. AboutFamMedEd.aspx successfully published: 9/28/2012 1:38:41 PM
SUCCESS - 9/28/2012 1:39:09 PM Method: CheckLoginCredentials. System.Security.Principal.WindowsPrincipal successfully authenticated: 9/28/2012 1:39:09 PM
Oh Yes!  SUCCESS - 9/28/2012 1:39:32 PM Method: SavePageContent. AboutUs.aspx content was successfully saved: 9/28/2012 1:39:32 PM SQL: insert into STFMContentHistory (ContentMetaID, Section, Page, Placement, Content, UserID, DateCreated) Values (380, 'About Us', 'AboutUs', '1', '<P><A href="BecomeAMember.aspx">Become A Member</A></P>
<P><A style="COLOR: #ff0000" href="AboutFamMedEd.aspx">About Family Medicine Education</A></P>
<P>Governance</P>
<P><A href="History.aspx">History</A></P>
<P>We Rock</P>', '', '9/28/2012 1:39:32 PM')
Oh Yes!  SUCCESS - 9/28/2012 1:39:37 PM Method: SavePageContent. AboutUs.aspx content was successfully saved: 9/28/2012 1:39:37 PM SQL: insert into STFMContentHistory (ContentMetaID, Section, Page, Placement, Content, UserID, DateCreated) Values (381, 'About Us', 'AboutUs', '1', '<P><A href="BecomeAMember.aspx">Become A Member</A></P>
<P><A href="AboutFamMedEd.aspx">About Family Medicine Education</A></P>
<P>Governance</P>
<P><A href="History.aspx">History</A></P>
<P>We Rock</P>', '', '9/28/2012 1:39:37 PM')
SUCCESS - 9/28/2012 1:40:12 PM Method: CreateContentPageMeta. C:\Users\Gil\Documents\Visual Studio 2010\Projects\STFMPlatformTransition\STFMPlatformTransition\Content\Governance.aspx successfully created: 9/28/2012 1:40:12 PM
SUCCESS - 9/28/2012 1:40:12 PM Method: CreateContentPage. Governance.aspx successfully created: 9/28/2012 1:40:12 PM
SUCCESS - 9/28/2012 1:40:12 PM Method: FillContentObject. System.Security.Principal.WindowsPrincipal successfully completed: 9/28/2012 1:40:12 PM
Oh Yes!  SUCCESS - 9/28/2012 1:40:36 PM Method: SavePageContent. AboutUs.aspx content was successfully saved: 9/28/2012 1:40:36 PM SQL: insert into STFMContentHistory (ContentMetaID, Section, Page, Placement, Content, UserID, DateCreated) Values (382, 'About Us', 'AboutUs', '1', '<P><A href="BecomeAMember.aspx">Become A Member</A></P>
<P><A href="AboutFamMedEd.aspx">About Family Medicine Education</A></P>
<P>Governance</P>
<P><A href="History.aspx">History</A></P>
<P>We Rock</P>', '', '9/28/2012 1:40:36 PM')
Oh Yes!  SUCCESS - 9/28/2012 1:41:10 PM Method: SavePageContent. AboutUs.aspx content was successfully saved: 9/28/2012 1:41:10 PM SQL: insert into STFMContentHistory (ContentMetaID, Section, Page, Placement, Content, UserID, DateCreated) Values (383, 'About Us', 'AboutUs', '1', '<P><A href="BecomeAMember.aspx">Become A Member</A></P>
<P><A href="AboutFamMedEd.aspx">About Family Medicine Education</A></P>
<P><A href="Governance.aspx">Governance</A></P>
<P><A href="History.aspx">History</A></P>
<P>We Rock</P>', '', '9/28/2012 1:41:10 PM')
Oh Yes!  SUCCESS - 9/28/2012 1:41:16 PM Method: SavePageContent. Governance.aspx content was successfully saved: 9/28/2012 1:41:16 PM SQL: insert into ContentMeta (ContentID, DateCreated, CreatedBy, MetaDescriptorID) Values (49, '9/28/2012 1:41:16 PM', 'admin', '1')
SUCCESS - 9/28/2012 1:41:17 PM Method: PublishContent. 49 successfully published: 9/28/2012 1:41:17 PM
SUCCESS - 9/28/2012 1:41:18 PM Method: PublishPage. Governance.aspx successfully published: 9/28/2012 1:41:18 PM
SUCCESS - 9/28/2012 1:42:02 PM Method: CheckLoginCredentials. System.Security.Principal.WindowsPrincipal successfully authenticated: 9/28/2012 1:42:02 PM
SUCCESS - 9/28/2012 1:45:48 PM Method: CheckLoginCredentials. System.Security.Principal.WindowsPrincipal successfully authenticated: 9/28/2012 1:45:48 PM
SUCCESS - 9/28/2012 1:47:36 PM Method: CheckLoginCredentials. System.Security.Principal.WindowsPrincipal successfully authenticated: 9/28/2012 1:47:36 PM
SUCCESS - 9/28/2012 1:52:22 PM Method: CheckLoginCredentials. System.Security.Principal.WindowsPrincipal successfully authenticated: 9/28/2012 1:52:22 PM
SUCCESS - 9/28/2012 1:55:50 PM Method: CheckLoginCredentials. System.Security.Principal.WindowsPrincipal successfully authenticated: 9/28/2012 1:55:50 PM
Oh Yes!  SUCCESS - 9/28/2012 1:56:27 PM Method: SavePageContent. AboutUs.aspx content was successfully saved: 9/28/2012 1:56:27 PM SQL: insert into STFMContentHistory (ContentMetaID, Section, Page, Placement, Content, UserID, DateCreated) Values (386, 'About Us', 'AboutUs', '1', '<P><A href="BecomeAMember.aspx">Become A Member</A></P>
<P><A href="AboutFamMedEd.aspx">About Family Medicine Education</A></P>
<P><A style="COLOR: #ff0000" href="Governance.aspx">Governance</A></P>
<P><A href="History.aspx">History</A></P>
<P>We Rock</P>', '', '9/28/2012 1:56:27 PM')
SUCCESS - 9/28/2012 1:58:03 PM Method: CheckLoginCredentials. System.Security.Principal.WindowsPrincipal successfully authenticated: 9/28/2012 1:58:03 PM
Oh Yes!  SUCCESS - 9/28/2012 1:58:32 PM Method: SavePageContent. AboutUs.aspx content was successfully saved: 9/28/2012 1:58:32 PM SQL: insert into STFMContentHistory (ContentMetaID, Section, Page, Placement, Content, UserID, DateCreated) Values (387, 'About Us', 'AboutUs', '1', '<P><A href="BecomeAMember.aspx">Become A Member</A></P>
<P><A href="AboutFamMedEd.aspx">About Family Medicine Education</A></P>
<P><A href="Governance.aspx">Governance</A></P>
<P><A href="History.aspx">History</A></P>
<P>We Rock</P>', '', '9/28/2012 1:58:32 PM')
Oh Yes!  SUCCESS - 9/28/2012 1:59:23 PM Method: SavePageContent. AboutUs.aspx content was successfully saved: 9/28/2012 1:59:23 PM SQL: insert into STFMContentHistory (ContentMetaID, Section, Page, Placement, Content, UserID, DateCreated) Values (388, 'About Us', 'AboutUs', '1', '<P><A href="BecomeAMember.aspx">Become A Member</A></P>
<P><A href="AboutFamMedEd.aspx">About Family Medicine Education</A></P>
<P><A href="Governance.aspx">Governance</A></P>
<P><A href="History.aspx">History</A></P>
<P><A href="WeRock.aspx">We Rock</A></P>', '', '9/28/2012 1:59:23 PM')
SUCCESS - 9/28/2012 2:00:23 PM Method: CreateContentPageMeta. C:\Users\Gil\Documents\Visual Studio 2010\Projects\STFMPlatformTransition\STFMPlatformTransition\Content\WeRock.aspx successfully created: 9/28/2012 2:00:23 PM
SUCCESS - 9/28/2012 2:00:23 PM Method: CreateContentPage. WeRock.aspx successfully created: 9/28/2012 2:00:23 PM
SUCCESS - 9/28/2012 2:00:23 PM Method: FillContentObject. System.Security.Principal.WindowsPrincipal successfully completed: 9/28/2012 2:00:23 PM
Oh Yes!  SUCCESS - 9/28/2012 2:01:01 PM Method: SavePageContent. WeRock.aspx content was successfully saved: 9/28/2012 2:01:01 PM SQL: insert into ContentMeta (ContentID, DateCreated, CreatedBy, MetaDescriptorID) Values (50, '9/28/2012 2:01:01 PM', 'admin', '1')
SUCCESS - 9/28/2012 2:01:05 PM Method: PublishContent. 50 successfully published: 9/28/2012 2:01:05 PM
SUCCESS - 9/28/2012 2:01:07 PM Method: PublishPage. WeRock.aspx successfully published: 9/28/2012 2:01:07 PM
SUCCESS - 9/28/2012 2:05:17 PM Method: CheckLoginCredentials. System.Security.Principal.WindowsPrincipal successfully authenticated: 9/28/2012 2:05:17 PM
SUCCESS - 9/28/2012 2:06:33 PM Method: CheckLoginCredentials. System.Security.Principal.WindowsPrincipal successfully authenticated: 9/28/2012 2:06:33 PM
Oh Yes!  SUCCESS - 9/28/2012 2:06:55 PM Method: SavePageContent. AboutUs.aspx content was successfully saved: 9/28/2012 2:06:55 PM SQL: insert into STFMContentHistory (ContentMetaID, Section, Page, Placement, Content, UserID, DateCreated) Values (391, 'About Us', 'AboutUs', '1', '<P><A href="BecomeAMember.aspx">Become A Member</A></P>
<P><A href="AboutFamMedEd.aspx">About Family Medicine Education</A></P>
<P><A href="Governance.aspx">Governance</A></P>
<P><A href="History.aspx">History</A></P>
<P><A href="WeRock.aspx">We Rock</A></P>', '', '9/28/2012 2:06:55 PM')
SUCCESS - 9/28/2012 2:10:31 PM Method: CheckLoginCredentials. System.Security.Principal.WindowsPrincipal successfully authenticated: 9/28/2012 2:10:31 PM
Oh Yes!  SUCCESS - 9/28/2012 2:11:46 PM Method: SavePageContent. AboutUs.aspx content was successfully saved: 9/28/2012 2:11:46 PM SQL: insert into STFMContentHistory (ContentMetaID, Section, Page, Placement, Content, UserID, DateCreated) Values (392, 'About Us', 'AboutUs', '1', '<P><A href="BecomeAMember.aspx">Become A Member</A></P>
<P><A href="AboutFamMedEd.aspx">About Family Medicine Education</A></P>
<P><A href="Governance.aspx">Governance</A></P>
<P><A href="History.aspx">History</A></P>
<P><A href="WeRock.aspx">We Rock</A></P>', '', '9/28/2012 2:11:46 PM')
SUCCESS - 9/28/2012 2:57:38 PM Method: CheckLoginCredentials. System.Security.Principal.WindowsPrincipal successfully authenticated: 9/28/2012 2:57:38 PM
