SUCCESS - 9/29/2012 11:44:35 AM Method: CheckLoginCredentials. System.Security.Principal.WindowsPrincipal successfully authenticated: 9/29/2012 11:44:35 AM
SUCCESS - 9/29/2012 12:19:51 PM Method: CheckLoginCredentials. System.Security.Principal.WindowsPrincipal successfully authenticated: 9/29/2012 12:19:52 PM
Oh Yes!  SUCCESS - 9/29/2012 12:20:32 PM Method: SavePageContent. AboutUs.aspx content was successfully saved: 9/29/2012 12:20:32 PM SQL: insert into STFMContentHistory (ContentMetaID, Section, Page, Placement, Content, UserID, DateCreated) Values (393, 'About Us', 'AboutUs', '1', '<P><A href="BecomeAMember.aspx">Become A Member</A></P>
<P><A href="AboutFamMedEd.aspx">About Family Medicine Education</A></P>
<P><A href="Governance.aspx">Governance</A></P>
<P><A href="History.aspx">History</A></P>
<P><A href="WeRock.aspx">We Rock</A></P>', '', '9/29/2012 12:20:32 PM')
SUCCESS - 9/29/2012 1:15:03 PM Method: CheckLoginCredentials. System.Security.Principal.WindowsPrincipal successfully authenticated: 9/29/2012 1:15:03 PM
SUCCESS - 9/29/2012 1:15:32 PM Method: CreateContentPageMeta. C:\Users\Gil\Documents\Visual Studio 2010\Projects\STFMPlatformTransition\STFMPlatformTransition\Content\Conferences.aspx successfully created: 9/29/2012 1:15:32 PM
SUCCESS - 9/29/2012 1:15:32 PM Method: CreateContentPage. Conferences.aspx successfully created: 9/29/2012 1:15:32 PM
SUCCESS - 9/29/2012 1:15:32 PM Method: FillContentObject. System.Security.Principal.WindowsPrincipal successfully completed: 9/29/2012 1:15:32 PM
Oh Yes!  SUCCESS - 9/29/2012 1:16:19 PM Method: SavePageContent. Conferences.aspx content was successfully saved: 9/29/2012 1:16:19 PM SQL: insert into ContentMeta (ContentID, DateCreated, CreatedBy, MetaDescriptorID) Values (51, '9/29/2012 1:16:19 PM', 'admin', '1')
SUCCESS - 9/29/2012 1:16:28 PM Method: PublishContent. 51 successfully published: 9/29/2012 1:16:28 PM
Oh Yes!  SUCCESS - 9/29/2012 1:16:39 PM Method: SavePageContent. Conferences.aspx content was successfully saved: 9/29/2012 1:16:39 PM SQL: insert into ContentMeta (ContentID, DateCreated, CreatedBy, MetaDescriptorID) Values (52, '9/29/2012 1:16:39 PM', 'admin', '1')
SUCCESS - 9/29/2012 1:20:18 PM Method: CheckLoginCredentials. System.Security.Principal.WindowsPrincipal successfully authenticated: 9/29/2012 1:20:18 PM
SUCCESS - 9/29/2012 1:20:59 PM Method: CreateContentPageMeta. C:\Users\Gil\Documents\Visual Studio 2010\Projects\STFMPlatformTransition\STFMPlatformTransition\Content\Conferences.aspx successfully created: 9/29/2012 1:20:59 PM
SUCCESS - 9/29/2012 1:20:59 PM Method: CreateContentPage. Conferences.aspx successfully created: 9/29/2012 1:20:59 PM
SUCCESS - 9/29/2012 1:20:59 PM Method: FillContentObject. System.Security.Principal.WindowsPrincipal successfully completed: 9/29/2012 1:20:59 PM
Oh Yes!  SUCCESS - 9/29/2012 1:21:14 PM Method: SavePageContent. Conferences.aspx content was successfully saved: 9/29/2012 1:21:14 PM SQL: insert into STFMContentHistory (ContentMetaID, Section, Page, Placement, Content, UserID, DateCreated) Values (397, 'Conferences', 'Conferences', '1', '<table border="0" width="130">

   <tr>
     <td class="menu1">Conferences</td>
   </tr>
   </table>

  <table border="0" width="130">

   <tr>

     <td class="menu2">
      <div onClick="openClose(''MN'',mainNum,''a1'')" class="main"><span id="tick_a1">+</span><span class="mainLink">CPI</span></div>
      <div id="a1" class="sublinks1">

         <a href="#" class="link2">Register Online</a><br />
         <a href="#" class="link2">Registration Form</a><br />
         <a href="#" class="link2">Hotel and Travel Information</a><br />
       <div onClick="openClose(''SB'',subNum1,''b1'')" class="main"><span id="tick_b1">+</span><span class="mainLink">Conference Brochure</span></div>
       <div id="b1" class="sublinks1">
         <a href="#" class="link2">Schedule at a Glance</a>
       </div>

       </div>

      </div>

      <div onClick="openClose(''MN'',mainNum,''a2'')" class="main"><span id="tick_a2">+</span><span class="mainLink">Annual</span></div>
      <div id="a2" class="sublinks1">

         <a href="#" class="link2">President''s Message</a><br />
         <a href="#" class="link2">Call for Presentations</a><br />
         <a href="#" class="link2">Host City Highlights</a><br />

       </div>
      <div onClick="openClose(''MN'',mainNum,''a3'')" class="main"><span id="tick_a3">+</span><span class="mainLink">MSE</span></div>
      <div id="a3" class="sublinks1">
       <a href="#" class="link2">Registration</a><br />
       <a href="#" class="link2">Hotel Information</a><br />
      </div>
    </td></tr>
  </table>', '', '9/29/2012 1:21:14 PM')
Oh Yes!  SUCCESS - 9/29/2012 1:21:16 PM Method: SavePageContent. Conferences.aspx content was successfully saved: 9/29/2012 1:21:16 PM SQL: insert into STFMContentHistory (ContentMetaID, Section, Page, Placement, Content, UserID, DateCreated) Values (398, 'Conferences', 'Conferences', '2', 'Conference Content', '', '9/29/2012 1:21:16 PM')
SUCCESS - 9/29/2012 1:21:20 PM Method: PublishPage. Conferences.aspx successfully published: 9/29/2012 1:21:20 PM
SUCCESS - 9/29/2012 1:27:37 PM Method: CheckLoginCredentials. System.Security.Principal.WindowsPrincipal successfully authenticated: 9/29/2012 1:27:37 PM
SUCCESS - 9/29/2012 1:29:47 PM Method: CheckLoginCredentials. System.Security.Principal.WindowsPrincipal successfully authenticated: 9/29/2012 1:29:47 PM
SUCCESS - 9/29/2012 1:49:16 PM Method: CheckLoginCredentials. System.Security.Principal.WindowsPrincipal successfully authenticated: 9/29/2012 1:49:16 PM
SUCCESS - 9/29/2012 1:49:49 PM Method: CreateContentPageMeta. C:\Users\Gil\Documents\Visual Studio 2010\Projects\STFMPlatformTransition\STFMPlatformTransition\Content\Conferences.aspx successfully created: 9/29/2012 1:49:49 PM
SUCCESS - 9/29/2012 1:49:49 PM Method: CreateContentPage. Conferences.aspx successfully created: 9/29/2012 1:49:49 PM
SUCCESS - 9/29/2012 1:49:49 PM Method: FillContentObject. System.Security.Principal.WindowsPrincipal successfully completed: 9/29/2012 1:49:49 PM
Oh Yes!  SUCCESS - 9/29/2012 1:50:09 PM Method: SavePageContent. Conferences.aspx content was successfully saved: 9/29/2012 1:50:09 PM SQL: insert into ContentMeta (ContentID, DateCreated, CreatedBy, MetaDescriptorID) Values (53, '9/29/2012 1:50:09 PM', 'admin', '1')
Oh Yes!  SUCCESS - 9/29/2012 1:50:20 PM Method: SavePageContent. Conferences.aspx content was successfully saved: 9/29/2012 1:50:20 PM SQL: insert into ContentMeta (ContentID, DateCreated, CreatedBy, MetaDescriptorID) Values (54, '9/29/2012 1:50:20 PM', 'admin', '1')
SUCCESS - 9/29/2012 1:50:28 PM Method: PublishContent. 53 successfully published: 9/29/2012 1:50:28 PM
SUCCESS - 9/29/2012 1:50:32 PM Method: PublishContent. 54 successfully published: 9/29/2012 1:50:32 PM
SUCCESS - 9/29/2012 1:50:34 PM Method: PublishContent. 53 successfully published: 9/29/2012 1:50:34 PM
SUCCESS - 9/29/2012 1:50:37 PM Method: PublishPage. Conferences.aspx successfully published: 9/29/2012 1:50:37 PM
