SUCCESS - 8/22/2012 8:41:09 AM Method: CheckLoginCredentials. System.Security.Principal.WindowsPrincipal successfully authenticated: 8/22/2012 8:41:09 AM
SUCCESS - 8/22/2012 8:41:27 AM Method: CreateContentPageMeta. C:\Users\Gil\Documents\Visual Studio 2010\Projects\STFMPlatformTransition\STFMPlatformTransition\Content\AboutUs.aspx successfully created: 8/22/2012 8:41:27 AM
SUCCESS - 8/22/2012 8:41:27 AM Method: CreateContentPage. AboutUs.aspx successfully created: 8/22/2012 8:41:27 AM
SUCCESS - 8/22/2012 8:41:27 AM Method: FillContentObject. System.Security.Principal.WindowsPrincipal successfully completed: 8/22/2012 8:41:27 AM
SUCCESS - 8/22/2012 8:41:31 AM Method: PublishPage. AboutUs.aspx successfully published: 8/22/2012 8:41:31 AM
SUCCESS - 8/22/2012 8:41:44 AM Method: CreateContentPageMeta. C:\Users\Gil\Documents\Visual Studio 2010\Projects\STFMPlatformTransition\STFMPlatformTransition\Content\Juournals.aspx successfully created: 8/22/2012 8:41:44 AM
SUCCESS - 8/22/2012 8:41:44 AM Method: CreateContentPage. Juournals.aspx successfully created: 8/22/2012 8:41:44 AM
SUCCESS - 8/22/2012 8:41:44 AM Method: FillContentObject. System.Security.Principal.WindowsPrincipal successfully completed: 8/22/2012 8:41:44 AM
SUCCESS - 8/22/2012 8:41:47 AM Method: PublishPage. Juournals.aspx successfully published: 8/22/2012 8:41:47 AM
SUCCESS - 8/22/2012 8:41:59 AM Method: CreateContentPageMeta. C:\Users\Gil\Documents\Visual Studio 2010\Projects\STFMPlatformTransition\STFMPlatformTransition\Content\Conferences.aspx successfully created: 8/22/2012 8:41:59 AM
SUCCESS - 8/22/2012 8:41:59 AM Method: CreateContentPage. Conferences.aspx successfully created: 8/22/2012 8:41:59 AM
SUCCESS - 8/22/2012 8:41:59 AM Method: FillContentObject. System.Security.Principal.WindowsPrincipal successfully completed: 8/22/2012 8:41:59 AM
SUCCESS - 8/22/2012 8:42:01 AM Method: PublishPage. Conferences.aspx successfully published: 8/22/2012 8:42:01 AM
SUCCESS - 8/22/2012 8:42:20 AM Method: CreateContentPageMeta. C:\Users\Gil\Documents\Visual Studio 2010\Projects\STFMPlatformTransition\STFMPlatformTransition\Content\AboutUsTest1.aspx successfully created: 8/22/2012 8:42:20 AM
SUCCESS - 8/22/2012 8:42:20 AM Method: CreateContentPage. AboutUsTest1.aspx successfully created: 8/22/2012 8:42:20 AM
SUCCESS - 8/22/2012 8:42:20 AM Method: FillContentObject. System.Security.Principal.WindowsPrincipal successfully completed: 8/22/2012 8:42:20 AM
SUCCESS - 8/22/2012 8:42:22 AM Method: PublishPage. AboutUsTest1.aspx successfully published: 8/22/2012 8:42:22 AM
SUCCESS - 8/22/2012 8:42:33 AM Method: CreateContentPageMeta. C:\Users\Gil\Documents\Visual Studio 2010\Projects\STFMPlatformTransition\STFMPlatformTransition\Content\AboutUsTest2.aspx successfully created: 8/22/2012 8:42:33 AM
SUCCESS - 8/22/2012 8:42:33 AM Method: CreateContentPage. AboutUsTest2.aspx successfully created: 8/22/2012 8:42:33 AM
SUCCESS - 8/22/2012 8:42:33 AM Method: FillContentObject. System.Security.Principal.WindowsPrincipal successfully completed: 8/22/2012 8:42:33 AM
SUCCESS - 8/22/2012 8:42:35 AM Method: PublishPage. AboutUsTest2.aspx successfully published: 8/22/2012 8:42:35 AM
SUCCESS - 8/22/2012 8:42:49 AM Method: CreateContentPageMeta. C:\Users\Gil\Documents\Visual Studio 2010\Projects\STFMPlatformTransition\STFMPlatformTransition\Content\JournalsTest1.aspx successfully created: 8/22/2012 8:42:49 AM
SUCCESS - 8/22/2012 8:42:49 AM Method: CreateContentPage. JournalsTest1.aspx successfully created: 8/22/2012 8:42:49 AM
SUCCESS - 8/22/2012 8:42:49 AM Method: FillContentObject. System.Security.Principal.WindowsPrincipal successfully completed: 8/22/2012 8:42:49 AM
SUCCESS - 8/22/2012 8:42:51 AM Method: PublishPage. JournalsTest1.aspx successfully published: 8/22/2012 8:42:51 AM
SUCCESS - 8/22/2012 8:43:00 AM Method: CreateContentPageMeta. C:\Users\Gil\Documents\Visual Studio 2010\Projects\STFMPlatformTransition\STFMPlatformTransition\Content\JournalsTest2.aspx successfully created: 8/22/2012 8:43:00 AM
SUCCESS - 8/22/2012 8:43:00 AM Method: CreateContentPage. JournalsTest2.aspx successfully created: 8/22/2012 8:43:00 AM
SUCCESS - 8/22/2012 8:43:00 AM Method: FillContentObject. System.Security.Principal.WindowsPrincipal successfully completed: 8/22/2012 8:43:00 AM
SUCCESS - 8/22/2012 8:43:02 AM Method: PublishPage. JournalsTest2.aspx successfully published: 8/22/2012 8:43:02 AM
SUCCESS - 8/22/2012 8:43:14 AM Method: CreateContentPageMeta. C:\Users\Gil\Documents\Visual Studio 2010\Projects\STFMPlatformTransition\STFMPlatformTransition\Content\ConferencesTest1.aspx successfully created: 8/22/2012 8:43:14 AM
SUCCESS - 8/22/2012 8:43:14 AM Method: CreateContentPage. ConferencesTest1.aspx successfully created: 8/22/2012 8:43:14 AM
SUCCESS - 8/22/2012 8:43:14 AM Method: FillContentObject. System.Security.Principal.WindowsPrincipal successfully completed: 8/22/2012 8:43:14 AM
SUCCESS - 8/22/2012 8:43:16 AM Method: PublishPage. ConferencesTest1.aspx successfully published: 8/22/2012 8:43:16 AM
SUCCESS - 8/22/2012 8:43:28 AM Method: CreateContentPageMeta. C:\Users\Gil\Documents\Visual Studio 2010\Projects\STFMPlatformTransition\STFMPlatformTransition\Content\ConferencesTest2.aspx successfully created: 8/22/2012 8:43:28 AM
SUCCESS - 8/22/2012 8:43:28 AM Method: CreateContentPage. ConferencesTest2.aspx successfully created: 8/22/2012 8:43:28 AM
SUCCESS - 8/22/2012 8:43:28 AM Method: FillContentObject. System.Security.Principal.WindowsPrincipal successfully completed: 8/22/2012 8:43:28 AM
SUCCESS - 8/22/2012 8:43:30 AM Method: PublishPage. ConferencesTest2.aspx successfully published: 8/22/2012 8:43:30 AM
SUCCESS - 8/22/2012 8:45:42 AM Method: CheckLoginCredentials. System.Security.Principal.WindowsPrincipal successfully authenticated: 8/22/2012 8:45:42 AM
SUCCESS - 8/22/2012 8:46:03 AM Method: CreateContentPageMeta. C:\Users\Gil\Documents\Visual Studio 2010\Projects\STFMPlatformTransition\STFMPlatformTransition\Content\Test1.aspx successfully created: 8/22/2012 8:46:03 AM
SUCCESS - 8/22/2012 8:46:03 AM Method: CreateContentPage. Test1.aspx successfully created: 8/22/2012 8:46:03 AM
SUCCESS - 8/22/2012 8:46:03 AM Method: FillContentObject. System.Security.Principal.WindowsPrincipal successfully completed: 8/22/2012 8:46:03 AM
SUCCESS - 8/22/2012 8:46:05 AM Method: PublishPage. Test1.aspx successfully published: 8/22/2012 8:46:05 AM
SUCCESS - 8/22/2012 8:46:14 AM Method: CreateContentPageMeta. C:\Users\Gil\Documents\Visual Studio 2010\Projects\STFMPlatformTransition\STFMPlatformTransition\Content\PageTest2.aspx successfully created: 8/22/2012 8:46:14 AM
SUCCESS - 8/22/2012 8:46:14 AM Method: CreateContentPage. PageTest2.aspx successfully created: 8/22/2012 8:46:14 AM
SUCCESS - 8/22/2012 8:46:14 AM Method: FillContentObject. System.Security.Principal.WindowsPrincipal successfully completed: 8/22/2012 8:46:14 AM
SUCCESS - 8/22/2012 8:46:16 AM Method: PublishPage. PageTest2.aspx successfully published: 8/22/2012 8:46:16 AM
SUCCESS - 8/22/2012 8:51:07 AM Method: CheckLoginCredentials. System.Security.Principal.WindowsPrincipal successfully authenticated: 8/22/2012 8:51:07 AM
SUCCESS - 8/22/2012 9:00:05 AM Method: CheckLoginCredentials. System.Security.Principal.WindowsPrincipal successfully authenticated: 8/22/2012 9:00:05 AM
SUCCESS - 8/22/2012 9:09:57 AM Method: CheckLoginCredentials. System.Security.Principal.WindowsPrincipal successfully authenticated: 8/22/2012 9:09:57 AM
SUCCESS - 8/22/2012 9:10:04 AM Method: FindPage. Successfully completed: 8/22/2012 9:10:04 AM
SUCCESS - 8/22/2012 9:10:09 AM Method: FindPage. Successfully completed: 8/22/2012 9:10:09 AM
SUCCESS - 8/22/2012 9:10:15 AM Method: FindPage. Successfully completed: 8/22/2012 9:10:15 AM
SUCCESS - 8/22/2012 9:36:51 AM Method: CheckLoginCredentials. System.Security.Principal.WindowsPrincipal successfully authenticated: 8/22/2012 9:36:51 AM
SUCCESS - 8/22/2012 9:37:37 AM Method: SavePageContent. AboutUs.aspx content was successfully saved: 8/22/2012 9:37:37 AM
SUCCESS - 8/22/2012 9:37:46 AM Method: SavePageContent. AboutUs.aspx content was successfully saved: 8/22/2012 9:37:46 AM
SUCCESS - 8/22/2012 9:37:48 AM Method: SavePageContent. AboutUs.aspx content was successfully saved: 8/22/2012 9:37:48 AM
SUCCESS - 8/22/2012 9:37:49 AM Method: SavePageContent. AboutUs.aspx content was successfully saved: 8/22/2012 9:37:49 AM
SUCCESS - 8/22/2012 9:37:56 AM Method: SavePageContent. AboutUs.aspx content was successfully saved: 8/22/2012 9:37:56 AM
SUCCESS - 8/22/2012 9:38:01 AM Method: SavePageContent. AboutUs.aspx content was successfully saved: 8/22/2012 9:38:01 AM
SUCCESS - 8/22/2012 7:56:20 AM Method: CheckLoginCredentials. System.Security.Principal.WindowsPrincipal successfully authenticated: 8/22/2012 7:56:20 AM
SUCCESS - 8/22/2012 7:56:37 AM Method: CheckLoginCredentials. System.Security.Principal.WindowsPrincipal successfully authenticated: 8/22/2012 7:56:37 AM
ERROR - 8/22/2012 7:57:11 AM Method: CreateContentPage. D:\hosting\9498653\html\deepcleansing\Content\Journals.aspx failed: 8/22/2012 7:57:11 AM Error: Invalid column name 'Section'.
SUCCESS - 8/22/2012 7:57:11 AM Method: DeleteContentPage. D:\hosting\9498653\html\deepcleansing\Content\Journals.aspx successfully deleted: 8/22/2012 7:57:11 AM
SUCCESS - 8/22/2012 7:57:11 AM Method: CreateContentPage=>DeleteContentPage. D:\hosting\9498653\html\deepcleansing\Content\Journals.aspx successfully deleted: 8/22/2012 7:57:11 AM
SUCCESS - 8/22/2012 7:57:11 AM Method: CreateContentPage. Journals.aspx successfully created: 8/22/2012 7:57:11 AM
SUCCESS - 8/22/2012 7:57:11 AM Method: FillContentObject. System.Security.Principal.WindowsPrincipal successfully completed: 8/22/2012 7:57:11 AM
SUCCESS - 8/22/2012 7:57:59 AM Method: CheckLoginCredentials. System.Security.Principal.WindowsPrincipal successfully authenticated: 8/22/2012 7:57:59 AM
ERROR - 8/22/2012 7:58:10 AM Method: CreateContentPage. D:\hosting\9498653\html\deepcleansing\Content\Journals.aspx failed: 8/22/2012 7:58:10 AM Error: Invalid column name 'Section'.
SUCCESS - 8/22/2012 7:58:10 AM Method: DeleteContentPage. D:\hosting\9498653\html\deepcleansing\Content\Journals.aspx successfully deleted: 8/22/2012 7:58:10 AM
SUCCESS - 8/22/2012 7:58:10 AM Method: CreateContentPage=>DeleteContentPage. D:\hosting\9498653\html\deepcleansing\Content\Journals.aspx successfully deleted: 8/22/2012 7:58:10 AM
SUCCESS - 8/22/2012 7:58:10 AM Method: CreateContentPage. Journals.aspx successfully created: 8/22/2012 7:58:10 AM
SUCCESS - 8/22/2012 7:58:10 AM Method: FillContentObject. System.Security.Principal.WindowsPrincipal successfully completed: 8/22/2012 7:58:10 AM
SUCCESS - 8/22/2012 8:01:41 AM Method: CheckLoginCredentials. System.Security.Principal.WindowsPrincipal successfully authenticated: 8/22/2012 8:01:41 AM
SUCCESS - 8/22/2012 8:01:51 AM Method: CreateContentPageMeta. D:\hosting\9498653\html\deepcleansing\Content\AboutUs.aspx successfully created: 8/22/2012 8:01:51 AM
SUCCESS - 8/22/2012 8:01:51 AM Method: CreateContentPage. AboutUs.aspx successfully created: 8/22/2012 8:01:51 AM
SUCCESS - 8/22/2012 8:01:51 AM Method: FillContentObject. System.Security.Principal.WindowsPrincipal successfully completed: 8/22/2012 8:01:51 AM
Oh Yes!  SUCCESS - 8/22/2012 8:01:58 AM Method: SavePageContent. AboutUs.aspx content was successfully saved: 8/22/2012 8:01:58 AM SQL: insert into ContentMeta (ContentID, DateCreated, CreatedBy, MetaDescriptorID) Values (9, '8/22/2012 8:01:58 AM', 'admin', '1')
Oh No!  ERROR - 8/22/2012 8:02:25 AM Method: SavePageContent. AboutUs.aspx failed: 8/22/2012 8:02:25 AM Error: Incorrect syntax near 'Times'. SQL: insert into STFMContent (Section, Page, Placement, Content, Active) Values ('AboutUs', 'AboutUs', '2', '<a style="POSITION: absolute; TEXT-ALIGN: left; WIDOWS: 2; TEXT-TRANSFORM: none; BACKGROUND-COLOR: rgb(255,255,255); TEXT-INDENT: 0px; FONT: 16px 'Times New Roman'; WHITE-SPACE: normal; ORPHANS: 2; LETTER-SPACING: normal; COLOR: rgb(25,76,139); WORD-SPACING: 0px; TEXT-DECORATION: none; LEFT: -5000px; -webkit-text-size-adjust: auto; -webkit-text-stroke-width: 0px" class="skiplink" href="http://stfm.org/about/index.cfm#skipmain">
				<br class="Apple-interchange-newline" />Skip main content and go to sidebar feature</a>
		<h2 style="TEXT-ALIGN: left; PADDING-BOTTOM: 0px; WIDOWS: 2; TEXT-TRANSFORM: none; BACKGROUND-COLOR: rgb(255,255,255); TEXT-INDENT: 0px; MARGIN: 1em 0px 0.15em; PADDING-LEFT: 0px; PADDING-RIGHT: 0px; FONT: bold 1.25em/1.2em Arial, Helvetica, sans-serif; WHITE-SPACE: normal; ORPHANS: 2; LETTER-SPACING: normal; COLOR: rgb(25,76,139); WORD-SPACING: 0px; PADDING-TOP: 0px; -webkit-text-size-adjust: auto; -webkit-text-stroke-width: 0px">
		</h2>
		<p style="TEXT-ALIGN: left; PADDING-BOTTOM: 0px; WIDOWS: 2; TEXT-TRANSFORM: none; BACKGROUND-COLOR: rgb(255,255,255); TEXT-INDENT: 0px; MARGIN: 0in 0in 9pt; PADDING-LEFT: 0px; PADDING-RIGHT: 0px; FONT: 10pt/18pt Arial; WHITE-SPACE: normal; ORPHANS: 2; LETTER-SPACING: normal; COLOR: rgb(0,0,0); LIST-STYLE-IMAGE: url(http://www.stfm.org/siteimages/bullet.gif); WORD-SPACING: 0px; PADDING-TOP: 0px; -webkit-text-size-adjust: auto; -webkit-text-stroke-width: 0px">The Society was founded in 1967 to respond to the needs of family medicine educators. From a small beginning of 105 founding members, we have grown to a membership of nearly 5,000 teachers of family medicine. These teachers include medical school professors, preceptors, residency program faculty, residency program directors and all involved in family medicine education.</p>
		<p style="TEXT-ALIGN: left; PADDING-BOTTOM: 0px; WIDOWS: 2; TEXT-TRANSFORM: none; BACKGROUND-COLOR: rgb(255,255,255); TEXT-INDENT: 0px; MARGIN: 0in 0in 9pt; PADDING-LEFT: 0px; PADDING-RIGHT: 0px; FONT: 10pt/18pt Arial; WHITE-SPACE: normal; ORPHANS: 2; LETTER-SPACING: normal; COLOR: rgb(0,0,0); LIST-STYLE-IMAGE: url(http://www.stfm.org/siteimages/bullet.gif); WORD-SPACING: 0px; PADDING-TOP: 0px; -webkit-text-size-adjust: auto; -webkit-text-stroke-width: 0px">The administrative offices are housed with the American Academy of Family Physicians in Leawood, Kansas, enhancing the close relationship between the two organizations. The Society has a 16-person staff in Leawood, Kansas, and two part-time staff members in Washington, DC.<br /></p>
		<h3 style="PAGE-BREAK-AFTER: avoid; TEXT-ALIGN: left; PADDING-BOTTOM: 0px; WIDOWS: 2; TEXT-TRANSFORM: none; BACKGROUND-COLOR: rgb(255,255,255); TEXT-INDENT: 0px; MARGIN: 12pt 0in 3pt; PADDING-LEFT: 0px; PADDING-RIGHT: 0px; FONT: bold 13pt Arial, Helvetica, sans-serif; WHITE-SPACE: normal; ORPHANS: 2; LETTER-SPACING: normal; COLOR: rgb(15,64,107); WORD-SPACING: 0px; PADDING-TOP: 0px; -webkit-text-size-adjust: auto; -webkit-text-stroke-width: 0px" align="left">Mission</h3>
		<p style="PADDING-BOTTOM: 0px; WIDOWS: 2; TEXT-TRANSFORM: none; BACKGROUND-COLOR: rgb(255,255,255); TEXT-INDENT: 0px; MARGIN: 0in 0in 9pt; PADDING-LEFT: 0px; PADDING-RIGHT: 0px; FONT: 10pt/18pt Arial; WHITE-SPACE: normal; ORPHANS: 2; LETTER-SPACING: normal; COLOR: rgb(0,0,0); LIST-STYLE-IMAGE: url(http://www.stfm.org/siteimages/bullet.gif); WORD-SPACING: 0px; PADDING-TOP: 0px; -webkit-text-size-adjust: auto; -webkit-text-stroke-width: 0px" align="left">Advancing Family Medicine to Improve Health Through a Community of Teachers and Scholars.</p>
		<h3 style="PAGE-BREAK-AFTER: avoid; TEXT-ALIGN: left; PADDING-BOTTOM: 0px; WIDOWS: 2; TEXT-TRANSFORM: none; BACKGROUND-COLOR: rgb(255,255,255); TEXT-INDENT: 0px; MARGIN: 12pt 0in 3pt; PADDING-LEFT: 0px; PADDING-RIGHT: 0px; FONT: bold 13pt Arial, Helvetica, sans-serif; WHITE-SPACE: normal; ORPHANS: 2; LETTER-SPACING: normal; COLOR: rgb(15,64,107); WORD-SPACING: 0px; PADDING-TOP: 0px; -webkit-text-size-adjust: auto; -webkit-text-stroke-width: 0px" align="left">Core Values</h3>
		<ul style="TEXT-ALIGN: left; PADDING-BOTTOM: 0px; WIDOWS: 2; TEXT-TRANSFORM: none; BACKGROUND-COLOR: rgb(255,255,255); LIST-STYLE-TYPE: none; TEXT-INDENT: 0px; MARGIN: 0px 0px 0.75em; PADDING-LEFT: 23px; PADDING-RIGHT: 0px; FONT: 0.85em/1.5em Arial, Helvetica, sans-serif; WHITE-SPACE: normal; ORPHANS: 2; LETTER-SPACING: normal; COLOR: rgb(0,0,0); LIST-STYLE-IMAGE: url(http://www.stfm.org/siteimages/bullet.gif); WORD-SPACING: 0px; PADDING-TOP: 0px; -webkit-text-size-adjust: auto; -webkit-text-stroke-width: 0px">
				<li style="PADDING-BOTTOM: 0px; MARGIN: 0px; PADDING-LEFT: 0px; PADDING-RIGHT: 0px; PADDING-TOP: 0px">
						<font color="#000000">Diversity</font>
				</li>
				<li style="PADDING-BOTTOM: 0px; MARGIN: 0px; PADDING-LEFT: 0px; PADDING-RIGHT: 0px; PADDING-TOP: 0px">
						<font color="#000000">Excellence</font>
				</li>
				<li style="PADDING-BOTTOM: 0px; MARGIN: 0px; PADDING-LEFT: 0px; PADDING-RIGHT: 0px; PADDING-TOP: 0px">
						<font color="#000000">Integrity</font>
				</li>
				<li style="PADDING-BOTTOM: 0px; MARGIN: 0px; PADDING-LEFT: 0px; PADDING-RIGHT: 0px; PADDING-TOP: 0px">
						<font color="#000000">Learning</font>
				</li>
				<li style="PADDING-BOTTOM: 0px; MARGIN: 0px; PADDING-LEFT: 0px; PADDING-RIGHT: 0px; PADDING-TOP: 0px">
						<font color="#000000">Nurturing</font>
				</li>
				<li style="PADDING-BOTTOM: 0px; MARGIN: 0px; PADDING-LEFT: 0px; PADDING-RIGHT: 0px; PADDING-TOP: 0px">
						<font color="#000000">Openness</font>
				</li>
				<li style="PADDING-BOTTOM: 0px; MARGIN: 0px; PADDING-LEFT: 0px; PADDING-RIGHT: 0px; PADDING-TOP: 0px">
						<font color="#000000">Relationship-centered</font>
				</li>
		</ul>
		<h3 style="PAGE-BREAK-AFTER: avoid; TEXT-ALIGN: left; PADDING-BOTTOM: 0px; WIDOWS: 2; TEXT-TRANSFORM: none; BACKGROUND-COLOR: rgb(255,255,255); TEXT-INDENT: 0px; MARGIN: 12pt 0in 3pt; PADDING-LEFT: 0px; PADDING-RIGHT: 0px; FONT: bold 13pt Arial, Helvetica, sans-serif; WHITE-SPACE: normal; ORPHANS: 2; LETTER-SPACING: normal; COLOR: rgb(15,64,107); WORD-SPACING: 0px; PADDING-TOP: 0px; -webkit-text-size-adjust: auto; -webkit-text-stroke-width: 0px" align="left">Vision</h3>
		<p style="PADDING-BOTTOM: 0px; WIDOWS: 2; TEXT-TRANSFORM: none; BACKGROUND-COLOR: rgb(255,255,255); TEXT-INDENT: 0px; MARGIN: 0in 0in 9pt; PADDING-LEFT: 0px; PADDING-RIGHT: 0px; FONT: 10pt/18pt Arial; WHITE-SPACE: normal; ORPHANS: 2; LETTER-SPACING: normal; COLOR: rgb(0,0,0); LIST-STYLE-IMAGE: url(http://www.stfm.org/siteimages/bullet.gif); WORD-SPACING: 0px; PADDING-TOP: 0px; -webkit-text-size-adjust: auto; -webkit-text-stroke-width: 0px" align="left">To become the indispensable academic home for every family medicine educator</p>
		<h3 style="PAGE-BREAK-AFTER: avoid; TEXT-ALIGN: left; PADDING-BOTTOM: 0px; WIDOWS: 2; TEXT-TRANSFORM: none; BACKGROUND-COLOR: rgb(255,255,255); TEXT-INDENT: 0px; MARGIN: 12pt 0in 3pt; PADDING-LEFT: 0px; PADDING-RIGHT: 0px; FONT: bold 13pt Arial, Helvetica, sans-serif; WHITE-SPACE: normal; ORPHANS: 2; LETTER-SPACING: normal; COLOR: rgb(15,64,107); WORD-SPACING: 0px; PADDING-TOP: 0px; -webkit-text-size-adjust: auto; -webkit-text-stroke-width: 0px">
				<a name="StrategicPlan">
				</a>Strategic Plan<br /></h3>
		<p style="TEXT-ALIGN: left; PADDING-BOTTOM: 0px; WIDOWS: 2; TEXT-TRANSFORM: none; BACKGROUND-COLOR: rgb(255,255,255); TEXT-INDENT: 0px; MARGIN: 0in 0in 9pt; PADDING-LEFT: 0px; PADDING-RIGHT: 0px; FONT: 10pt/18pt Arial; WHITE-SPACE: normal; ORPHANS: 2; LETTER-SPACING: normal; COLOR: rgb(0,0,0); LIST-STYLE-IMAGE: url(http://www.stfm.org/siteimages/bullet.gif); WORD-SPACING: 0px; PADDING-TOP: 0px; -webkit-text-size-adjust: auto; -webkit-text-stroke-width: 0px">
		</p>
		<p style="TEXT-ALIGN: left; PADDING-BOTTOM: 0px; WIDOWS: 2; TEXT-TRANSFORM: none; BACKGROUND-COLOR: rgb(255,255,255); TEXT-INDENT: 0px; MARGIN: 0in 0in 9pt; PADDING-LEFT: 0px; PADDING-RIGHT: 0px; FONT: 10pt/18pt Arial; WHITE-SPACE: normal; ORPHANS: 2; LETTER-SPACING: normal; COLOR: rgb(0,0,0); LIST-STYLE-IMAGE: url(http://www.stfm.org/siteimages/bullet.gif); WORD-SPACING: 0px; PADDING-TOP: 0px; -webkit-text-size-adjust: auto; -webkit-text-stroke-width: 0px">The STFM Board of Directors implemented a strategic planning process in 2011 to develop a 3-year plan and a process for utilization, measurement, updating, adding new and sun setting old programs. This was developed through extensive discussions by the Strategic Planning Committee, interviews of the Committee members, non-members and members-at-large; focus groups conducted at the annual meeting; and a member needs survey.</p>
		<p style="TEXT-ALIGN: left; PADDING-BOTTOM: 0px; WIDOWS: 2; TEXT-TRANSFORM: none; BACKGROUND-COLOR: rgb(255,255,255); TEXT-INDENT: 0px; MARGIN: 0in 0in 9pt; PADDING-LEFT: 0px; PADDING-RIGHT: 0px; FONT: 10pt/18pt Arial; WHITE-SPACE: normal; ORPHANS: 2; LETTER-SPACING: normal; COLOR: rgb(0,0,0); LIST-STYLE-IMAGE: url(http://www.stfm.org/siteimages/bullet.gif); WORD-SPACING: 0px; PADDING-TOP: 0px; -webkit-text-size-adjust: auto; -webkit-text-stroke-width: 0px">This research resulted in five key priority areas for the STFM over the next 3 years. The plan should not and will not outline every tactic but will provide broad goals and strategies in which the programs of the organization will be considered. It is essential to the success of this plan that the organization has a strong infrastructure – governance, staff, communications plan, and facilities – in place to implement the plan. Also inherent in this plan is the belief that the Society supports diversity of faculty, including discipline, race, gender, and sexual orientation in the strategies we will use to address these priorities. While infrastructure and diversity are not listed as separate goals, it is recognized that they are major components for operationalizing this plan.</p>
		<h4 style="TEXT-ALIGN: left; PADDING-BOTTOM: 0px; WIDOWS: 2; TEXT-TRANSFORM: none; BACKGROUND-COLOR: rgb(255,255,255); TEXT-INDENT: 0px; MARGIN: 0.75em 0px 0.15em; PADDING-LEFT: 0px; PADDING-RIGHT: 0px; FONT: bold 0.9em/1.2em Arial, Helvetica, sans-serif; WHITE-SPACE: normal; ORPHANS: 2; LETTER-SPACING: normal; COLOR: rgb(15,64,107); WORD-SPACING: 0px; PADDING-TOP: 0px; -webkit-text-size-adjust: auto; -webkit-text-stroke-width: 0px">
				<a style="COLOR: rgb(25,76,139); TEXT-DECORATION: none" href="http://stfm.org/about/StrategicPlan.cfm">View the Strategic Plan</a>
		</h4>', '0'); select scope_identity()
Oh Yes!  SUCCESS - 8/22/2012 8:02:53 AM Method: SavePageContent. AboutUs.aspx content was successfully saved: 8/22/2012 8:02:53 AM SQL: insert into ContentMeta (ContentID, DateCreated, CreatedBy, MetaDescriptorID) Values (10, '8/22/2012 8:02:53 AM', 'admin', '1')
